#
# There is insufficient memory for the Java Runtime Environment to continue.
# Native memory allocation (malloc) failed to allocate 1135856 bytes. Error detail: Chunk::new
# Possible reasons:
#   The system is out of physical RAM or swap space
#   This process is running with CompressedOops enabled, and the Java Heap may be blocking the growth of the native heap
# Possible solutions:
#   Reduce memory load on the system
#   Increase physical memory or swap space
#   Check if swap backing store is full
#   Decrease Java heap size (-Xmx/-Xms)
#   Decrease number of Java threads
#   Decrease Java thread stack sizes (-Xss)
#   Set larger code cache with -XX:ReservedCodeCacheSize=
#   JVM is running with Unscaled Compressed Oops mode in which the Java heap is
#     placed in the first 4GB address space. The Java Heap base address is the
#     maximum limit for the native heap growth. Please use -XX:HeapBaseMinAddress
#     to set the Java Heap base and to place the Java Heap above 4GB virtual address.
# This output file may be truncated or incomplete.
#
#  Out of Memory Error (arena.cpp:168), pid=34280, tid=34992
#
# JRE version: OpenJDK Runtime Environment (21.0.6) (build 21.0.6+-13368085-b895.109)
# Java VM: OpenJDK 64-Bit Server VM (21.0.6+-13368085-b895.109, mixed mode, tiered, compressed oops, compressed class ptrs, g1 gc, windows-amd64)
# No core dump will be written. Minidumps are not enabled by default on client versions of Windows
#

---------------  S U M M A R Y ------------

Command Line: org.jetbrains.kotlin.cli.jvm.K2JVMCompiler @C:\Users\ASUS\Documents\GitHub\cooking-game\CookingGameApp\app\build\20250615_919481659688402550.compiler.options

Host: AMD Ryzen 5 3500U with Radeon Vega Mobile Gfx  , 8 cores, 5G,  Windows 11 , 64 bit Build 26100 (10.0.26100.4202)
Time: Sun Jun 15 19:08:51 2025 W. Europe Daylight Time elapsed time: 11.435606 seconds (0d 0h 0m 11s)

---------------  T H R E A D  ---------------

Current thread (0x000001c86b363800):  JavaThread "C2 CompilerThread0" daemon [_thread_in_native, id=34992, stack(0x0000008354400000,0x0000008354500000) (1024K)]


Current CompileTask:
C2:11435 8221       4       org.jetbrains.kotlin.resolve.calls.inference.components.VariableFixationFinderKt::extractProjectionsForAllCapturedTypes (390 bytes)

Stack: [0x0000008354400000,0x0000008354500000]
Native frames: (J=compiled Java code, j=interpreted, Vv=VM code, C=native code)
V  [jvm.dll+0x6d0639]
V  [jvm.dll+0x85eb03]
V  [jvm.dll+0x86105e]
V  [jvm.dll+0x861743]
V  [jvm.dll+0x27e6e6]
V  [jvm.dll+0xbff6d]
V  [jvm.dll+0xc04a3]
V  [jvm.dll+0x3b6171]
V  [jvm.dll+0x3820c7]
V  [jvm.dll+0x38153a]
V  [jvm.dll+0x247c82]
V  [jvm.dll+0x247251]
V  [jvm.dll+0x1c5f04]
V  [jvm.dll+0x2569ac]
V  [jvm.dll+0x254ef6]
V  [jvm.dll+0x3f0e96]
V  [jvm.dll+0x806ed8]
V  [jvm.dll+0x6cef0d]
C  [ucrtbase.dll+0x37b0]
C  [KERNEL32.DLL+0x2e8d7]
C  [ntdll.dll+0x3c34c]


---------------  P R O C E S S  ---------------

Threads class SMR info:
_java_thread_list=0x000001c8711feb00, length=13, elements={
0x000001c8544d9290, 0x000001c86b332d50, 0x000001c86b334410, 0x000001c86b34e250,
0x000001c86b34eca0, 0x000001c86b3449b0, 0x000001c86b345010, 0x000001c86b363800,
0x000001c86b365c70, 0x000001c86b504ea0, 0x000001c86b502dd0, 0x000001c871899ed0,
0x000001c8728fafc0
}

Java Threads: ( => current thread )
  0x000001c8544d9290 JavaThread "main"                              [_thread_in_Java, id=35824, stack(0x0000008353600000,0x0000008353700000) (1024K)]
  0x000001c86b332d50 JavaThread "Reference Handler"          daemon [_thread_blocked, id=34328, stack(0x0000008353e00000,0x0000008353f00000) (1024K)]
  0x000001c86b334410 JavaThread "Finalizer"                  daemon [_thread_blocked, id=23032, stack(0x0000008353f00000,0x0000008354000000) (1024K)]
  0x000001c86b34e250 JavaThread "Signal Dispatcher"          daemon [_thread_blocked, id=31428, stack(0x0000008354000000,0x0000008354100000) (1024K)]
  0x000001c86b34eca0 JavaThread "Attach Listener"            daemon [_thread_blocked, id=14096, stack(0x0000008354100000,0x0000008354200000) (1024K)]
  0x000001c86b3449b0 JavaThread "Service Thread"             daemon [_thread_blocked, id=33044, stack(0x0000008354200000,0x0000008354300000) (1024K)]
  0x000001c86b345010 JavaThread "Monitor Deflation Thread"   daemon [_thread_blocked, id=34672, stack(0x0000008354300000,0x0000008354400000) (1024K)]
=>0x000001c86b363800 JavaThread "C2 CompilerThread0"         daemon [_thread_in_native, id=34992, stack(0x0000008354400000,0x0000008354500000) (1024K)]
  0x000001c86b365c70 JavaThread "C1 CompilerThread0"         daemon [_thread_in_native, id=37748, stack(0x0000008354500000,0x0000008354600000) (1024K)]
  0x000001c86b504ea0 JavaThread "Notification Thread"        daemon [_thread_blocked, id=27156, stack(0x0000008354600000,0x0000008354700000) (1024K)]
  0x000001c86b502dd0 JavaThread "Common-Cleaner"             daemon [_thread_blocked, id=15112, stack(0x0000008354700000,0x0000008354800000) (1024K)]
  0x000001c871899ed0 JavaThread "C2 CompilerThread1"         daemon [_thread_in_native, id=27892, stack(0x0000008354800000,0x0000008354900000) (1024K)]
  0x000001c8728fafc0 JavaThread "C2 CompilerThread2"         daemon [_thread_in_native, id=26300, stack(0x0000008355100000,0x0000008355200000) (1024K)]
Total: 13

Other Threads:
  0x000001c86b18a0e0 VMThread "VM Thread"                           [id=11836, stack(0x0000008353d00000,0x0000008353e00000) (1024K)]
  0x000001c86b12cf90 WatcherThread "VM Periodic Task Thread"        [id=12028, stack(0x0000008353c00000,0x0000008353d00000) (1024K)]
  0x000001c85451edd0 WorkerThread "GC Thread#0"                     [id=37080, stack(0x0000008353700000,0x0000008353800000) (1024K)]
  0x000001c86bc8a9c0 WorkerThread "GC Thread#1"                     [id=15576, stack(0x0000008354900000,0x0000008354a00000) (1024K)]
  0x000001c86bcc4630 WorkerThread "GC Thread#2"                     [id=25396, stack(0x0000008354a00000,0x0000008354b00000) (1024K)]
  0x000001c86bcc4de0 WorkerThread "GC Thread#3"                     [id=36668, stack(0x0000008354b00000,0x0000008354c00000) (1024K)]
  0x000001c86bcc5180 WorkerThread "GC Thread#4"                     [id=27644, stack(0x0000008354c00000,0x0000008354d00000) (1024K)]
  0x000001c86bcc5520 WorkerThread "GC Thread#5"                     [id=13852, stack(0x0000008354d00000,0x0000008354e00000) (1024K)]
  0x000001c86bda98c0 WorkerThread "GC Thread#6"                     [id=33924, stack(0x0000008354e00000,0x0000008354f00000) (1024K)]
  0x000001c86bda9180 WorkerThread "GC Thread#7"                     [id=28180, stack(0x0000008354f00000,0x0000008355000000) (1024K)]
  0x000001c85452bc30 ConcurrentGCThread "G1 Main Marker"            [id=16596, stack(0x0000008353800000,0x0000008353900000) (1024K)]
  0x000001c85452d570 WorkerThread "G1 Conc#0"                       [id=11036, stack(0x0000008353900000,0x0000008353a00000) (1024K)]
  0x000001c86bda9520 WorkerThread "G1 Conc#1"                       [id=6204, stack(0x0000008355000000,0x0000008355100000) (1024K)]
  0x000001c86b000160 ConcurrentGCThread "G1 Refine#0"               [id=27508, stack(0x0000008353a00000,0x0000008353b00000) (1024K)]
  0x000001c86b001a90 ConcurrentGCThread "G1 Service"                [id=27760, stack(0x0000008353b00000,0x0000008353c00000) (1024K)]
Total: 15

Threads with active compile tasks:
C2 CompilerThread0  11461 8221       4       org.jetbrains.kotlin.resolve.calls.inference.components.VariableFixationFinderKt::extractProjectionsForAllCapturedTypes (390 bytes)
C1 CompilerThread0  11462 8321       3       org.jetbrains.kotlin.fir.java.scopes.JavaClassUseSiteMemberScope::doesOverrideRenamedBuiltins (585 bytes)
C2 CompilerThread1  11462 8179       4       org.jetbrains.kotlin.fir.declarations.DeprecationUtilsKt::extractDeprecationAnnotationInfoPerUseSite (1240 bytes)
C2 CompilerThread2  11462 8026       4       org.jetbrains.kotlin.fir.resolve.calls.tower.FirTowerResolveTask::processCandidatesWithGivenImplicitReceiverAsValue (1840 bytes)
Total: 4

VM state: not at safepoint (normal execution)

VM Mutex/Monitor currently owned by a thread:  ([mutex/lock_event])
[0x00007ff8edddce20] MethodCompileQueue_lock - owner thread: 0x000001c86b365c70
[0x00007ff8eddde2a0] CodeCache_lock - owner thread: 0x000001c86b365c70
[0x00007ff8eddde420] Compile_lock - owner thread: 0x000001c86b365c70

Heap address: 0x00000000a0c00000, size: 1524 MB, Compressed Oops mode: 32-bit

CDS archive(s) not mapped
Compressed class space mapped at: 0x0000000100000000-0x0000000140000000, reserved size: 1073741824
Narrow klass base: 0x0000000000000000, Narrow klass shift: 3, Narrow klass range: 0x140000000

GC Precious Log:
 CardTable entry size: 512
 Card Set container configuration: InlinePtr #cards 5 size 8 Array Of Cards #cards 12 size 40 Howl #buckets 4 coarsen threshold 1843 Howl Bitmap #cards 512 size 80 coarsen threshold 460 Card regions per heap region 1 cards per card region 2048
 CPUs: 8 total, 8 available
 Memory: 6091M
 Large Page Support: Disabled
 NUMA Support: Disabled
 Compressed Oops: Enabled (32-bit)
 Heap Region Size: 1M
 Heap Min Capacity: 8M
 Heap Initial Capacity: 96M
 Heap Max Capacity: 1524M
 Pre-touch: Disabled
 Parallel Workers: 8
 Concurrent Workers: 2
 Concurrent Refinement Workers: 8
 Periodic GC: Disabled

Heap:
 garbage-first heap   total 146432K, used 104960K [0x00000000a0c00000, 0x0000000100000000)
  region size 1024K, 33 young (33792K), 4 survivors (4096K)
 Metaspace       used 61946K, committed 62272K, reserved 1114112K
  class space    used 6907K, committed 7040K, reserved 1048576K

Heap Regions: E=young(eden), S=young(survivor), O=old, HS=humongous(starts), HC=humongous(continues), CS=collection set, F=free, TAMS=top-at-mark-start, PB=parsable bottom
|   0|0x00000000a0c00000, 0x00000000a0d00000, 0x00000000a0d00000|100%|HS|  |TAMS 0x00000000a0c00000| PB 0x00000000a0c00000| Complete 
|   1|0x00000000a0d00000, 0x00000000a0e00000, 0x00000000a0e00000|100%|HC|  |TAMS 0x00000000a0d00000| PB 0x00000000a0d00000| Complete 
|   2|0x00000000a0e00000, 0x00000000a0f00000, 0x00000000a0f00000|100%|HC|  |TAMS 0x00000000a0e00000| PB 0x00000000a0e00000| Complete 
|   3|0x00000000a0f00000, 0x00000000a1000000, 0x00000000a1000000|100%| O|  |TAMS 0x00000000a0f00000| PB 0x00000000a0f00000| Untracked 
|   4|0x00000000a1000000, 0x00000000a1100000, 0x00000000a1100000|100%| O|  |TAMS 0x00000000a1000000| PB 0x00000000a1000000| Untracked 
|   5|0x00000000a1100000, 0x00000000a1200000, 0x00000000a1200000|100%| O|  |TAMS 0x00000000a1100000| PB 0x00000000a1100000| Untracked 
|   6|0x00000000a1200000, 0x00000000a1300000, 0x00000000a1300000|100%| O|  |TAMS 0x00000000a1200000| PB 0x00000000a1200000| Untracked 
|   7|0x00000000a1300000, 0x00000000a1400000, 0x00000000a1400000|100%| O|  |TAMS 0x00000000a1300000| PB 0x00000000a1300000| Untracked 
|   8|0x00000000a1400000, 0x00000000a1500000, 0x00000000a1500000|100%| O|  |TAMS 0x00000000a1400000| PB 0x00000000a1400000| Untracked 
|   9|0x00000000a1500000, 0x00000000a1600000, 0x00000000a1600000|100%| O|  |TAMS 0x00000000a1500000| PB 0x00000000a1500000| Untracked 
|  10|0x00000000a1600000, 0x00000000a1700000, 0x00000000a1700000|100%| O|  |TAMS 0x00000000a1600000| PB 0x00000000a1600000| Untracked 
|  11|0x00000000a1700000, 0x00000000a1800000, 0x00000000a1800000|100%| O|  |TAMS 0x00000000a1700000| PB 0x00000000a1700000| Untracked 
|  12|0x00000000a1800000, 0x00000000a1900000, 0x00000000a1900000|100%| O|  |TAMS 0x00000000a1800000| PB 0x00000000a1800000| Untracked 
|  13|0x00000000a1900000, 0x00000000a1a00000, 0x00000000a1a00000|100%| O|  |TAMS 0x00000000a1900000| PB 0x00000000a1900000| Untracked 
|  14|0x00000000a1a00000, 0x00000000a1b00000, 0x00000000a1b00000|100%| O|  |TAMS 0x00000000a1a00000| PB 0x00000000a1a00000| Untracked 
|  15|0x00000000a1b00000, 0x00000000a1c00000, 0x00000000a1c00000|100%| O|  |TAMS 0x00000000a1b00000| PB 0x00000000a1b00000| Untracked 
|  16|0x00000000a1c00000, 0x00000000a1d00000, 0x00000000a1d00000|100%| O|  |TAMS 0x00000000a1c00000| PB 0x00000000a1c00000| Untracked 
|  17|0x00000000a1d00000, 0x00000000a1e00000, 0x00000000a1e00000|100%| O|  |TAMS 0x00000000a1d00000| PB 0x00000000a1d00000| Untracked 
|  18|0x00000000a1e00000, 0x00000000a1f00000, 0x00000000a1f00000|100%| O|  |TAMS 0x00000000a1e00000| PB 0x00000000a1e00000| Untracked 
|  19|0x00000000a1f00000, 0x00000000a2000000, 0x00000000a2000000|100%| O|  |TAMS 0x00000000a1f00000| PB 0x00000000a1f00000| Untracked 
|  20|0x00000000a2000000, 0x00000000a2100000, 0x00000000a2100000|100%| O|  |TAMS 0x00000000a2000000| PB 0x00000000a2000000| Untracked 
|  21|0x00000000a2100000, 0x00000000a2200000, 0x00000000a2200000|100%| O|  |TAMS 0x00000000a2100000| PB 0x00000000a2100000| Untracked 
|  22|0x00000000a2200000, 0x00000000a2200000, 0x00000000a2300000|  0%| F|  |TAMS 0x00000000a2200000| PB 0x00000000a2200000| Untracked 
|  23|0x00000000a2300000, 0x00000000a2400000, 0x00000000a2400000|100%| O|  |TAMS 0x00000000a2300000| PB 0x00000000a2300000| Untracked 
|  24|0x00000000a2400000, 0x00000000a2500000, 0x00000000a2500000|100%| O|  |TAMS 0x00000000a2400000| PB 0x00000000a2400000| Untracked 
|  25|0x00000000a2500000, 0x00000000a2600000, 0x00000000a2600000|100%| O|  |TAMS 0x00000000a2500000| PB 0x00000000a2500000| Untracked 
|  26|0x00000000a2600000, 0x00000000a2700000, 0x00000000a2700000|100%| O|  |TAMS 0x00000000a2600000| PB 0x00000000a2600000| Untracked 
|  27|0x00000000a2700000, 0x00000000a2800000, 0x00000000a2800000|100%| O|  |TAMS 0x00000000a2700000| PB 0x00000000a2700000| Untracked 
|  28|0x00000000a2800000, 0x00000000a2900000, 0x00000000a2900000|100%| O|  |TAMS 0x00000000a2800000| PB 0x00000000a2800000| Untracked 
|  29|0x00000000a2900000, 0x00000000a2a00000, 0x00000000a2a00000|100%| O|  |TAMS 0x00000000a2900000| PB 0x00000000a2900000| Untracked 
|  30|0x00000000a2a00000, 0x00000000a2b00000, 0x00000000a2b00000|100%| O|  |TAMS 0x00000000a2a00000| PB 0x00000000a2a00000| Untracked 
|  31|0x00000000a2b00000, 0x00000000a2c00000, 0x00000000a2c00000|100%| O|  |TAMS 0x00000000a2b00000| PB 0x00000000a2b00000| Untracked 
|  32|0x00000000a2c00000, 0x00000000a2d00000, 0x00000000a2d00000|100%| O|  |TAMS 0x00000000a2c00000| PB 0x00000000a2c00000| Untracked 
|  33|0x00000000a2d00000, 0x00000000a2e00000, 0x00000000a2e00000|100%| O|  |TAMS 0x00000000a2d00000| PB 0x00000000a2d00000| Untracked 
|  34|0x00000000a2e00000, 0x00000000a2f00000, 0x00000000a2f00000|100%| O|  |TAMS 0x00000000a2e00000| PB 0x00000000a2e00000| Untracked 
|  35|0x00000000a2f00000, 0x00000000a3000000, 0x00000000a3000000|100%| O|  |TAMS 0x00000000a2f00000| PB 0x00000000a2f00000| Untracked 
|  36|0x00000000a3000000, 0x00000000a3100000, 0x00000000a3100000|100%| O|  |TAMS 0x00000000a3000000| PB 0x00000000a3000000| Untracked 
|  37|0x00000000a3100000, 0x00000000a3200000, 0x00000000a3200000|100%| O|  |TAMS 0x00000000a3100000| PB 0x00000000a3100000| Untracked 
|  38|0x00000000a3200000, 0x00000000a3300000, 0x00000000a3300000|100%| O|  |TAMS 0x00000000a3200000| PB 0x00000000a3200000| Untracked 
|  39|0x00000000a3300000, 0x00000000a3400000, 0x00000000a3400000|100%| O|  |TAMS 0x00000000a3300000| PB 0x00000000a3300000| Untracked 
|  40|0x00000000a3400000, 0x00000000a3500000, 0x00000000a3500000|100%| O|  |TAMS 0x00000000a3400000| PB 0x00000000a3400000| Untracked 
|  41|0x00000000a3500000, 0x00000000a3600000, 0x00000000a3600000|100%| O|  |TAMS 0x00000000a3500000| PB 0x00000000a3500000| Untracked 
|  42|0x00000000a3600000, 0x00000000a3700000, 0x00000000a3700000|100%| O|Cm|TAMS 0x00000000a3600000| PB 0x00000000a3600000| Complete 
|  43|0x00000000a3700000, 0x00000000a3800000, 0x00000000a3800000|100%| O|  |TAMS 0x00000000a3700000| PB 0x00000000a3700000| Untracked 
|  44|0x00000000a3800000, 0x00000000a3900000, 0x00000000a3900000|100%| O|  |TAMS 0x00000000a3800000| PB 0x00000000a3800000| Untracked 
|  45|0x00000000a3900000, 0x00000000a3a00000, 0x00000000a3a00000|100%| O|  |TAMS 0x00000000a3900000| PB 0x00000000a3900000| Untracked 
|  46|0x00000000a3a00000, 0x00000000a3b00000, 0x00000000a3b00000|100%| O|  |TAMS 0x00000000a3a00000| PB 0x00000000a3a00000| Untracked 
|  47|0x00000000a3b00000, 0x00000000a3c00000, 0x00000000a3c00000|100%| O|  |TAMS 0x00000000a3b00000| PB 0x00000000a3b00000| Untracked 
|  48|0x00000000a3c00000, 0x00000000a3d00000, 0x00000000a3d00000|100%| O|  |TAMS 0x00000000a3c00000| PB 0x00000000a3c00000| Untracked 
|  49|0x00000000a3d00000, 0x00000000a3e00000, 0x00000000a3e00000|100%| O|  |TAMS 0x00000000a3d00000| PB 0x00000000a3d00000| Untracked 
|  50|0x00000000a3e00000, 0x00000000a3f00000, 0x00000000a3f00000|100%| O|  |TAMS 0x00000000a3e00000| PB 0x00000000a3e00000| Untracked 
|  51|0x00000000a3f00000, 0x00000000a4000000, 0x00000000a4000000|100%| O|  |TAMS 0x00000000a3f00000| PB 0x00000000a3f00000| Untracked 
|  52|0x00000000a4000000, 0x00000000a4100000, 0x00000000a4100000|100%| O|  |TAMS 0x00000000a4000000| PB 0x00000000a4000000| Untracked 
|  53|0x00000000a4100000, 0x00000000a4200000, 0x00000000a4200000|100%| O|  |TAMS 0x00000000a4100000| PB 0x00000000a4100000| Untracked 
|  54|0x00000000a4200000, 0x00000000a4300000, 0x00000000a4300000|100%| O|  |TAMS 0x00000000a4200000| PB 0x00000000a4200000| Untracked 
|  55|0x00000000a4300000, 0x00000000a4400000, 0x00000000a4400000|100%| O|  |TAMS 0x00000000a4300000| PB 0x00000000a4300000| Untracked 
|  56|0x00000000a4400000, 0x00000000a4500000, 0x00000000a4500000|100%| O|  |TAMS 0x00000000a4400000| PB 0x00000000a4400000| Untracked 
|  57|0x00000000a4500000, 0x00000000a4600000, 0x00000000a4600000|100%| O|Cm|TAMS 0x00000000a4500000| PB 0x00000000a4500000| Complete 
|  58|0x00000000a4600000, 0x00000000a4700000, 0x00000000a4700000|100%| O|  |TAMS 0x00000000a4600000| PB 0x00000000a4600000| Untracked 
|  59|0x00000000a4700000, 0x00000000a4800000, 0x00000000a4800000|100%| O|  |TAMS 0x00000000a4700000| PB 0x00000000a4700000| Untracked 
|  60|0x00000000a4800000, 0x00000000a4900000, 0x00000000a4900000|100%| O|  |TAMS 0x00000000a4800000| PB 0x00000000a4800000| Untracked 
|  61|0x00000000a4900000, 0x00000000a4a00000, 0x00000000a4a00000|100%| O|  |TAMS 0x00000000a4900000| PB 0x00000000a4900000| Untracked 
|  62|0x00000000a4a00000, 0x00000000a4b00000, 0x00000000a4b00000|100%| O|  |TAMS 0x00000000a4a00000| PB 0x00000000a4a00000| Untracked 
|  63|0x00000000a4b00000, 0x00000000a4c00000, 0x00000000a4c00000|100%| O|  |TAMS 0x00000000a4b00000| PB 0x00000000a4b00000| Untracked 
|  64|0x00000000a4c00000, 0x00000000a4d00000, 0x00000000a4d00000|100%| O|  |TAMS 0x00000000a4c00000| PB 0x00000000a4c00000| Untracked 
|  65|0x00000000a4d00000, 0x00000000a4e00000, 0x00000000a4e00000|100%| O|  |TAMS 0x00000000a4d00000| PB 0x00000000a4d00000| Untracked 
|  66|0x00000000a4e00000, 0x00000000a4f00000, 0x00000000a4f00000|100%| O|  |TAMS 0x00000000a4e00000| PB 0x00000000a4e00000| Untracked 
|  67|0x00000000a4f00000, 0x00000000a5000000, 0x00000000a5000000|100%| O|  |TAMS 0x00000000a4f00000| PB 0x00000000a4f00000| Untracked 
|  68|0x00000000a5000000, 0x00000000a5080000, 0x00000000a5100000| 50%| O|  |TAMS 0x00000000a5000000| PB 0x00000000a5000000| Untracked 
|  69|0x00000000a5100000, 0x00000000a5100000, 0x00000000a5200000|  0%| F|  |TAMS 0x00000000a5100000| PB 0x00000000a5100000| Untracked 
|  70|0x00000000a5200000, 0x00000000a5200000, 0x00000000a5300000|  0%| F|  |TAMS 0x00000000a5200000| PB 0x00000000a5200000| Untracked 
|  71|0x00000000a5300000, 0x00000000a5300000, 0x00000000a5400000|  0%| F|  |TAMS 0x00000000a5300000| PB 0x00000000a5300000| Untracked 
|  72|0x00000000a5400000, 0x00000000a5400000, 0x00000000a5500000|  0%| F|  |TAMS 0x00000000a5400000| PB 0x00000000a5400000| Untracked 
|  73|0x00000000a5500000, 0x00000000a5500000, 0x00000000a5600000|  0%| F|  |TAMS 0x00000000a5500000| PB 0x00000000a5500000| Untracked 
|  74|0x00000000a5600000, 0x00000000a5600000, 0x00000000a5700000|  0%| F|  |TAMS 0x00000000a5600000| PB 0x00000000a5600000| Untracked 
|  75|0x00000000a5700000, 0x00000000a5700000, 0x00000000a5800000|  0%| F|  |TAMS 0x00000000a5700000| PB 0x00000000a5700000| Untracked 
|  76|0x00000000a5800000, 0x00000000a5800000, 0x00000000a5900000|  0%| F|  |TAMS 0x00000000a5800000| PB 0x00000000a5800000| Untracked 
|  77|0x00000000a5900000, 0x00000000a5900000, 0x00000000a5a00000|  0%| F|  |TAMS 0x00000000a5900000| PB 0x00000000a5900000| Untracked 
|  78|0x00000000a5a00000, 0x00000000a5b00000, 0x00000000a5b00000|100%| S|CS|TAMS 0x00000000a5a00000| PB 0x00000000a5a00000| Complete 
|  79|0x00000000a5b00000, 0x00000000a5c00000, 0x00000000a5c00000|100%| S|CS|TAMS 0x00000000a5b00000| PB 0x00000000a5b00000| Complete 
|  80|0x00000000a5c00000, 0x00000000a5d00000, 0x00000000a5d00000|100%| S|CS|TAMS 0x00000000a5c00000| PB 0x00000000a5c00000| Complete 
|  81|0x00000000a5d00000, 0x00000000a5d00000, 0x00000000a5e00000|  0%| F|  |TAMS 0x00000000a5d00000| PB 0x00000000a5d00000| Untracked 
|  82|0x00000000a5e00000, 0x00000000a5e00000, 0x00000000a5f00000|  0%| F|  |TAMS 0x00000000a5e00000| PB 0x00000000a5e00000| Untracked 
|  83|0x00000000a5f00000, 0x00000000a5f00000, 0x00000000a6000000|  0%| F|  |TAMS 0x00000000a5f00000| PB 0x00000000a5f00000| Untracked 
|  84|0x00000000a6000000, 0x00000000a6000000, 0x00000000a6100000|  0%| F|  |TAMS 0x00000000a6000000| PB 0x00000000a6000000| Untracked 
|  85|0x00000000a6100000, 0x00000000a6200000, 0x00000000a6200000|100%| S|CS|TAMS 0x00000000a6100000| PB 0x00000000a6100000| Complete 
|  86|0x00000000a6200000, 0x00000000a6200000, 0x00000000a6300000|  0%| F|  |TAMS 0x00000000a6200000| PB 0x00000000a6200000| Untracked 
|  87|0x00000000a6300000, 0x00000000a6300000, 0x00000000a6400000|  0%| F|  |TAMS 0x00000000a6300000| PB 0x00000000a6300000| Untracked 
|  88|0x00000000a6400000, 0x00000000a6400000, 0x00000000a6500000|  0%| F|  |TAMS 0x00000000a6400000| PB 0x00000000a6400000| Untracked 
|  89|0x00000000a6500000, 0x00000000a6500000, 0x00000000a6600000|  0%| F|  |TAMS 0x00000000a6500000| PB 0x00000000a6500000| Untracked 
|  90|0x00000000a6600000, 0x00000000a6600000, 0x00000000a6700000|  0%| F|  |TAMS 0x00000000a6600000| PB 0x00000000a6600000| Untracked 
|  91|0x00000000a6700000, 0x00000000a6700000, 0x00000000a6800000|  0%| F|  |TAMS 0x00000000a6700000| PB 0x00000000a6700000| Untracked 
|  92|0x00000000a6800000, 0x00000000a6800000, 0x00000000a6900000|  0%| F|  |TAMS 0x00000000a6800000| PB 0x00000000a6800000| Untracked 
|  93|0x00000000a6900000, 0x00000000a6900000, 0x00000000a6a00000|  0%| F|  |TAMS 0x00000000a6900000| PB 0x00000000a6900000| Untracked 
|  94|0x00000000a6a00000, 0x00000000a6a00000, 0x00000000a6b00000|  0%| F|  |TAMS 0x00000000a6a00000| PB 0x00000000a6a00000| Untracked 
|  95|0x00000000a6b00000, 0x00000000a6b00000, 0x00000000a6c00000|  0%| F|  |TAMS 0x00000000a6b00000| PB 0x00000000a6b00000| Untracked 
|  96|0x00000000a6c00000, 0x00000000a6c00000, 0x00000000a6d00000|  0%| F|  |TAMS 0x00000000a6c00000| PB 0x00000000a6c00000| Untracked 
|  97|0x00000000a6d00000, 0x00000000a6d00000, 0x00000000a6e00000|  0%| F|  |TAMS 0x00000000a6d00000| PB 0x00000000a6d00000| Untracked 
|  98|0x00000000a6e00000, 0x00000000a6e00000, 0x00000000a6f00000|  0%| F|  |TAMS 0x00000000a6e00000| PB 0x00000000a6e00000| Untracked 
|  99|0x00000000a6f00000, 0x00000000a6f00000, 0x00000000a7000000|  0%| F|  |TAMS 0x00000000a6f00000| PB 0x00000000a6f00000| Untracked 
| 100|0x00000000a7000000, 0x00000000a7000000, 0x00000000a7100000|  0%| F|  |TAMS 0x00000000a7000000| PB 0x00000000a7000000| Untracked 
| 101|0x00000000a7100000, 0x00000000a7100000, 0x00000000a7200000|  0%| F|  |TAMS 0x00000000a7100000| PB 0x00000000a7100000| Untracked 
| 102|0x00000000a7200000, 0x00000000a7200000, 0x00000000a7300000|  0%| F|  |TAMS 0x00000000a7200000| PB 0x00000000a7200000| Untracked 
| 103|0x00000000a7300000, 0x00000000a7300000, 0x00000000a7400000|  0%| F|  |TAMS 0x00000000a7300000| PB 0x00000000a7300000| Untracked 
| 104|0x00000000a7400000, 0x00000000a7400000, 0x00000000a7500000|  0%| F|  |TAMS 0x00000000a7400000| PB 0x00000000a7400000| Untracked 
| 105|0x00000000a7500000, 0x00000000a7500000, 0x00000000a7600000|  0%| F|  |TAMS 0x00000000a7500000| PB 0x00000000a7500000| Untracked 
| 106|0x00000000a7600000, 0x00000000a7600000, 0x00000000a7700000|  0%| F|  |TAMS 0x00000000a7600000| PB 0x00000000a7600000| Untracked 
| 107|0x00000000a7700000, 0x00000000a7700000, 0x00000000a7800000|  0%| F|  |TAMS 0x00000000a7700000| PB 0x00000000a7700000| Untracked 
| 108|0x00000000a7800000, 0x00000000a7800000, 0x00000000a7900000|  0%| F|  |TAMS 0x00000000a7800000| PB 0x00000000a7800000| Untracked 
| 109|0x00000000a7900000, 0x00000000a7900000, 0x00000000a7a00000|  0%| F|  |TAMS 0x00000000a7900000| PB 0x00000000a7900000| Untracked 
| 110|0x00000000a7a00000, 0x00000000a7a00000, 0x00000000a7b00000|  0%| F|  |TAMS 0x00000000a7a00000| PB 0x00000000a7a00000| Untracked 
| 111|0x00000000a7b00000, 0x00000000a7c00000, 0x00000000a7c00000|100%| E|  |TAMS 0x00000000a7b00000| PB 0x00000000a7b00000| Complete 
| 112|0x00000000a7c00000, 0x00000000a7d00000, 0x00000000a7d00000|100%| E|CS|TAMS 0x00000000a7c00000| PB 0x00000000a7c00000| Complete 
| 113|0x00000000a7d00000, 0x00000000a7e00000, 0x00000000a7e00000|100%| E|CS|TAMS 0x00000000a7d00000| PB 0x00000000a7d00000| Complete 
| 114|0x00000000a7e00000, 0x00000000a7f00000, 0x00000000a7f00000|100%| E|CS|TAMS 0x00000000a7e00000| PB 0x00000000a7e00000| Complete 
| 115|0x00000000a7f00000, 0x00000000a8000000, 0x00000000a8000000|100%| E|CS|TAMS 0x00000000a7f00000| PB 0x00000000a7f00000| Complete 
| 116|0x00000000a8000000, 0x00000000a8100000, 0x00000000a8100000|100%| E|CS|TAMS 0x00000000a8000000| PB 0x00000000a8000000| Complete 
| 117|0x00000000a8100000, 0x00000000a8200000, 0x00000000a8200000|100%| E|CS|TAMS 0x00000000a8100000| PB 0x00000000a8100000| Complete 
| 118|0x00000000a8200000, 0x00000000a8300000, 0x00000000a8300000|100%| E|CS|TAMS 0x00000000a8200000| PB 0x00000000a8200000| Complete 
| 119|0x00000000a8300000, 0x00000000a8400000, 0x00000000a8400000|100%| E|CS|TAMS 0x00000000a8300000| PB 0x00000000a8300000| Complete 
| 120|0x00000000a8400000, 0x00000000a8500000, 0x00000000a8500000|100%| E|CS|TAMS 0x00000000a8400000| PB 0x00000000a8400000| Complete 
| 121|0x00000000a8500000, 0x00000000a8600000, 0x00000000a8600000|100%| E|CS|TAMS 0x00000000a8500000| PB 0x00000000a8500000| Complete 
| 122|0x00000000a8600000, 0x00000000a8700000, 0x00000000a8700000|100%| E|CS|TAMS 0x00000000a8600000| PB 0x00000000a8600000| Complete 
| 123|0x00000000a8700000, 0x00000000a8800000, 0x00000000a8800000|100%| E|CS|TAMS 0x00000000a8700000| PB 0x00000000a8700000| Complete 
| 124|0x00000000a8800000, 0x00000000a8900000, 0x00000000a8900000|100%| E|CS|TAMS 0x00000000a8800000| PB 0x00000000a8800000| Complete 
| 125|0x00000000a8900000, 0x00000000a8a00000, 0x00000000a8a00000|100%| E|CS|TAMS 0x00000000a8900000| PB 0x00000000a8900000| Complete 
| 126|0x00000000a8a00000, 0x00000000a8b00000, 0x00000000a8b00000|100%| E|CS|TAMS 0x00000000a8a00000| PB 0x00000000a8a00000| Complete 
| 127|0x00000000a8b00000, 0x00000000a8c00000, 0x00000000a8c00000|100%| E|CS|TAMS 0x00000000a8b00000| PB 0x00000000a8b00000| Complete 
| 128|0x00000000a8c00000, 0x00000000a8d00000, 0x00000000a8d00000|100%| E|CS|TAMS 0x00000000a8c00000| PB 0x00000000a8c00000| Complete 
| 129|0x00000000a8d00000, 0x00000000a8e00000, 0x00000000a8e00000|100%| E|CS|TAMS 0x00000000a8d00000| PB 0x00000000a8d00000| Complete 
| 130|0x00000000a8e00000, 0x00000000a8f00000, 0x00000000a8f00000|100%| E|CS|TAMS 0x00000000a8e00000| PB 0x00000000a8e00000| Complete 
| 131|0x00000000a8f00000, 0x00000000a9000000, 0x00000000a9000000|100%| E|CS|TAMS 0x00000000a8f00000| PB 0x00000000a8f00000| Complete 
| 132|0x00000000a9000000, 0x00000000a9100000, 0x00000000a9100000|100%| E|CS|TAMS 0x00000000a9000000| PB 0x00000000a9000000| Complete 
| 133|0x00000000a9100000, 0x00000000a9200000, 0x00000000a9200000|100%| E|CS|TAMS 0x00000000a9100000| PB 0x00000000a9100000| Complete 
| 134|0x00000000a9200000, 0x00000000a9300000, 0x00000000a9300000|100%| E|CS|TAMS 0x00000000a9200000| PB 0x00000000a9200000| Complete 
| 135|0x00000000a9300000, 0x00000000a9400000, 0x00000000a9400000|100%| E|CS|TAMS 0x00000000a9300000| PB 0x00000000a9300000| Complete 
| 136|0x00000000a9400000, 0x00000000a9500000, 0x00000000a9500000|100%| E|CS|TAMS 0x00000000a9400000| PB 0x00000000a9400000| Complete 
| 137|0x00000000a9500000, 0x00000000a9600000, 0x00000000a9600000|100%| E|CS|TAMS 0x00000000a9500000| PB 0x00000000a9500000| Complete 
|1519|0x00000000ffb00000, 0x00000000ffc00000, 0x00000000ffc00000|100%| E|CS|TAMS 0x00000000ffb00000| PB 0x00000000ffb00000| Complete 
|1520|0x00000000ffc00000, 0x00000000ffd00000, 0x00000000ffd00000|100%| O|  |TAMS 0x00000000ffc00000| PB 0x00000000ffc00000| Untracked 
|1521|0x00000000ffd00000, 0x00000000ffe00000, 0x00000000ffe00000|100%| O|  |TAMS 0x00000000ffd00000| PB 0x00000000ffd00000| Untracked 
|1522|0x00000000ffe00000, 0x00000000fff00000, 0x00000000fff00000|100%| E|CS|TAMS 0x00000000ffe00000| PB 0x00000000ffe00000| Complete 
|1523|0x00000000fff00000, 0x0000000100000000, 0x0000000100000000|100%| O|  |TAMS 0x00000000fff00000| PB 0x00000000fff00000| Untracked 

Card table byte_map: [0x000001c866c60000,0x000001c866f60000] _byte_map_base: 0x000001c86675a000

Marking Bits: (CMBitMap*) 0x000001c85451f4d0
 Bits: [0x000001c866f60000, 0x000001c868730000)

Polling page: 0x000001c852130000

Metaspace:

Usage:
  Non-class:     53.75 MB used.
      Class:      6.75 MB used.
       Both:     60.50 MB used.

Virtual space:
  Non-class space:       64.00 MB reserved,      53.94 MB ( 84%) committed,  1 nodes.
      Class space:        1.00 GB reserved,       6.88 MB ( <1%) committed,  1 nodes.
             Both:        1.06 GB reserved,      60.81 MB (  6%) committed. 

Chunk freelists:
   Non-Class:  10.03 MB
       Class:  9.08 MB
        Both:  19.11 MB

MaxMetaspaceSize: unlimited
CompressedClassSpaceSize: 1.00 GB
Initial GC threshold: 21.00 MB
Current GC threshold: 100.75 MB
CDS: off
 - commit_granule_bytes: 65536.
 - commit_granule_words: 8192.
 - virtual_space_node_default_size: 8388608.
 - enlarge_chunks_in_place: 1.
 - use_allocation_guard: 0.


Internal statistics:

num_allocs_failed_limit: 3.
num_arena_births: 334.
num_arena_deaths: 0.
num_vsnodes_births: 2.
num_vsnodes_deaths: 0.
num_space_committed: 971.
num_space_uncommitted: 0.
num_chunks_returned_to_freelist: 3.
num_chunks_taken_from_freelist: 2240.
num_chunk_merges: 3.
num_chunk_splits: 1816.
num_chunks_enlarged: 1638.
num_inconsistent_stats: 0.

CodeHeap 'non-profiled nmethods': size=120000Kb used=4439Kb max_used=4439Kb free=115560Kb
 bounds [0x000001c85f100000, 0x000001c85f560000, 0x000001c866630000]
CodeHeap 'profiled nmethods': size=120000Kb used=24051Kb max_used=24051Kb free=95949Kb
 bounds [0x000001c857630000, 0x000001c858db0000, 0x000001c85eb60000]
CodeHeap 'non-nmethods': size=5760Kb used=1633Kb max_used=1709Kb free=4126Kb
 bounds [0x000001c85eb60000, 0x000001c85edd0000, 0x000001c85f100000]
 total_blobs=8319 nmethods=7635 adapters=585
 compilation: enabled
              stopped_count=0, restarted_count=0
 full_count=0

Compilation events (20 events):
Event: 10.402 Thread 0x000001c86b365c70 nmethod 8307 0x000001c858d7c690 code [0x000001c858d7c840, 0x000001c858d7ca90]
Event: 10.402 Thread 0x000001c86b365c70 8308       3       org.jetbrains.kotlin.fir.java.FirJavaFacade::findClass (58 bytes)
Event: 10.404 Thread 0x000001c86b365c70 nmethod 8308 0x000001c858d7cb90 code [0x000001c858d7cfc0, 0x000001c858d7e830]
Event: 10.404 Thread 0x000001c86b365c70 8309       3       org.jetbrains.kotlin.util.AttributeArrayOwner::removeComponent (129 bytes)
Event: 10.409 Thread 0x000001c86b365c70 nmethod 8309 0x000001c858d7f190 code [0x000001c858d7f880, 0x000001c858d82fd8]
Event: 10.409 Thread 0x000001c86b365c70 8310       3       org.jetbrains.kotlin.load.java.PropertiesConventionUtilKt::getPropertyNamesCandidatesByAccessorName (52 bytes)
Event: 10.411 Thread 0x000001c86b365c70 nmethod 8310 0x000001c858d84410 code [0x000001c858d84800, 0x000001c858d85c60]
Event: 10.411 Thread 0x000001c86b365c70 8311       3       org.jetbrains.kotlin.load.java.JvmAbi::isGetterName (36 bytes)
Event: 10.412 Thread 0x000001c86b365c70 nmethod 8311 0x000001c858d86390 code [0x000001c858d865e0, 0x000001c858d86d30]
Event: 10.412 Thread 0x000001c86b365c70 8312       3       java.lang.Enum::compareTo (9 bytes)
Event: 10.412 Thread 0x000001c86b365c70 nmethod 8312 0x000001c858d87010 code [0x000001c858d871c0, 0x000001c858d873d8]
Event: 10.413 Thread 0x000001c86b365c70 8313       3       org.jetbrains.kotlin.types.model.TypeSystemContext::isMarkedNullable (32 bytes)
Event: 10.414 Thread 0x000001c86b365c70 nmethod 8313 0x000001c858d87490 code [0x000001c858d876e0, 0x000001c858d87fb0]
Event: 10.414 Thread 0x000001c86b365c70 8314       3       org.jetbrains.kotlin.fir.resolve.dfa.FirControlFlowGraphReferenceImplKt::getControlFlowGraph (34 bytes)
Event: 10.415 Thread 0x000001c86b365c70 nmethod 8314 0x000001c858d88210 code [0x000001c858d88460, 0x000001c858d88c68]
Event: 10.417 Thread 0x000001c86b365c70 8315       3       org.jetbrains.kotlin.fir.resolve.calls.tower.FirBaseTowerResolveTask::toScopeTowerLevel$default (84 bytes)
Event: 10.418 Thread 0x000001c86b365c70 nmethod 8315 0x000001c858d88f10 code [0x000001c858d89100, 0x000001c858d89530]
Event: 10.422 Thread 0x000001c86b365c70 8316       1       org.jetbrains.kotlin.fir.java.enhancement.FirEnhancedSymbolsStorage$EnhancementSymbolsCache::getEnhancedVariables (5 bytes)
Event: 10.422 Thread 0x000001c86b365c70 nmethod 8316 0x000001c85f555890 code [0x000001c85f555a20, 0x000001c85f555ae8]
Event: 10.425 Thread 0x000001c86b365c70 8317       3       org.jetbrains.kotlin.fir.scopes.impl.FirDeclaredMemberScopeProvider$$Lambda/0x00000001003304a0::invoke (16 bytes)

GC Heap History (20 events):
Event: 4.891 GC heap before
{Heap before GC invocations=12 (full 0):
 garbage-first heap   total 49152K, used 41760K [0x00000000a0c00000, 0x0000000100000000)
  region size 1024K, 18 young (18432K), 2 survivors (2048K)
 Metaspace       used 48813K, committed 49152K, reserved 1114112K
  class space    used 5565K, committed 5696K, reserved 1048576K
}
Event: 4.901 GC heap after
{Heap after GC invocations=13 (full 0):
 garbage-first heap   total 59392K, used 27972K [0x00000000a0c00000, 0x0000000100000000)
  region size 1024K, 3 young (3072K), 3 survivors (3072K)
 Metaspace       used 48813K, committed 49152K, reserved 1114112K
  class space    used 5565K, committed 5696K, reserved 1048576K
}
Event: 5.181 GC heap before
{Heap before GC invocations=14 (full 0):
 garbage-first heap   total 59392K, used 49476K [0x00000000a0c00000, 0x0000000100000000)
  region size 1024K, 24 young (24576K), 3 survivors (3072K)
 Metaspace       used 49194K, committed 49536K, reserved 1114112K
  class space    used 5607K, committed 5760K, reserved 1048576K
}
Event: 5.202 GC heap after
{Heap after GC invocations=15 (full 0):
 garbage-first heap   total 61440K, used 36739K [0x00000000a0c00000, 0x0000000100000000)
  region size 1024K, 3 young (3072K), 3 survivors (3072K)
 Metaspace       used 49194K, committed 49536K, reserved 1114112K
  class space    used 5607K, committed 5760K, reserved 1048576K
}
Event: 5.373 GC heap before
{Heap before GC invocations=15 (full 0):
 garbage-first heap   total 61440K, used 52099K [0x00000000a0c00000, 0x0000000100000000)
  region size 1024K, 18 young (18432K), 3 survivors (3072K)
 Metaspace       used 49441K, committed 49728K, reserved 1114112K
  class space    used 5625K, committed 5760K, reserved 1048576K
}
Event: 5.389 GC heap after
{Heap after GC invocations=16 (full 0):
 garbage-first heap   total 61440K, used 41984K [0x00000000a0c00000, 0x0000000100000000)
  region size 1024K, 3 young (3072K), 3 survivors (3072K)
 Metaspace       used 49441K, committed 49728K, reserved 1114112K
  class space    used 5625K, committed 5760K, reserved 1048576K
}
Event: 5.576 GC heap before
{Heap before GC invocations=16 (full 0):
 garbage-first heap   total 61440K, used 52224K [0x00000000a0c00000, 0x0000000100000000)
  region size 1024K, 13 young (13312K), 3 survivors (3072K)
 Metaspace       used 49951K, committed 50304K, reserved 1114112K
  class space    used 5659K, committed 5824K, reserved 1048576K
}
Event: 5.587 GC heap after
{Heap after GC invocations=17 (full 0):
 garbage-first heap   total 61440K, used 45056K [0x00000000a0c00000, 0x0000000100000000)
  region size 1024K, 2 young (2048K), 2 survivors (2048K)
 Metaspace       used 49951K, committed 50304K, reserved 1114112K
  class space    used 5659K, committed 5824K, reserved 1048576K
}
Event: 5.900 GC heap before
{Heap before GC invocations=18 (full 0):
 garbage-first heap   total 75776K, used 54272K [0x00000000a0c00000, 0x0000000100000000)
  region size 1024K, 11 young (11264K), 2 survivors (2048K)
 Metaspace       used 51447K, committed 51776K, reserved 1114112K
  class space    used 5859K, committed 6016K, reserved 1048576K
}
Event: 5.909 GC heap after
{Heap after GC invocations=19 (full 0):
 garbage-first heap   total 75776K, used 46965K [0x00000000a0c00000, 0x0000000100000000)
  region size 1024K, 2 young (2048K), 2 survivors (2048K)
 Metaspace       used 51447K, committed 51776K, reserved 1114112K
  class space    used 5859K, committed 6016K, reserved 1048576K
}
Event: 6.161 GC heap before
{Heap before GC invocations=19 (full 0):
 garbage-first heap   total 75776K, used 62325K [0x00000000a0c00000, 0x0000000100000000)
  region size 1024K, 17 young (17408K), 2 survivors (2048K)
 Metaspace       used 53107K, committed 53376K, reserved 1114112K
  class space    used 6029K, committed 6144K, reserved 1048576K
}
Event: 6.171 GC heap after
{Heap after GC invocations=20 (full 0):
 garbage-first heap   total 117760K, used 50176K [0x00000000a0c00000, 0x0000000100000000)
  region size 1024K, 3 young (3072K), 3 survivors (3072K)
 Metaspace       used 53107K, committed 53376K, reserved 1114112K
  class space    used 6029K, committed 6144K, reserved 1048576K
}
Event: 7.065 GC heap before
{Heap before GC invocations=20 (full 0):
 garbage-first heap   total 117760K, used 87040K [0x00000000a0c00000, 0x0000000100000000)
  region size 1024K, 40 young (40960K), 3 survivors (3072K)
 Metaspace       used 55285K, committed 55616K, reserved 1114112K
  class space    used 6270K, committed 6400K, reserved 1048576K
}
Event: 7.088 GC heap after
{Heap after GC invocations=21 (full 0):
 garbage-first heap   total 117760K, used 59275K [0x00000000a0c00000, 0x0000000100000000)
  region size 1024K, 5 young (5120K), 5 survivors (5120K)
 Metaspace       used 55285K, committed 55616K, reserved 1114112K
  class space    used 6270K, committed 6400K, reserved 1048576K
}
Event: 7.660 GC heap before
{Heap before GC invocations=21 (full 0):
 garbage-first heap   total 117760K, used 91019K [0x00000000a0c00000, 0x0000000100000000)
  region size 1024K, 36 young (36864K), 5 survivors (5120K)
 Metaspace       used 56388K, committed 56704K, reserved 1114112K
  class space    used 6360K, committed 6528K, reserved 1048576K
}
Event: 7.680 GC heap after
{Heap after GC invocations=22 (full 0):
 garbage-first heap   total 117760K, used 67584K [0x00000000a0c00000, 0x0000000100000000)
  region size 1024K, 5 young (5120K), 5 survivors (5120K)
 Metaspace       used 56388K, committed 56704K, reserved 1114112K
  class space    used 6360K, committed 6528K, reserved 1048576K
}
Event: 8.480 GC heap before
{Heap before GC invocations=22 (full 0):
 garbage-first heap   total 117760K, used 95232K [0x00000000a0c00000, 0x0000000100000000)
  region size 1024K, 32 young (32768K), 5 survivors (5120K)
 Metaspace       used 57485K, committed 57792K, reserved 1114112K
  class space    used 6406K, committed 6528K, reserved 1048576K
}
Event: 8.501 GC heap after
{Heap after GC invocations=23 (full 0):
 garbage-first heap   total 117760K, used 72704K [0x00000000a0c00000, 0x0000000100000000)
  region size 1024K, 4 young (4096K), 4 survivors (4096K)
 Metaspace       used 57485K, committed 57792K, reserved 1114112K
  class space    used 6406K, committed 6528K, reserved 1048576K
}
Event: 9.414 GC heap before
{Heap before GC invocations=23 (full 0):
 garbage-first heap   total 117760K, used 99328K [0x00000000a0c00000, 0x0000000100000000)
  region size 1024K, 30 young (30720K), 4 survivors (4096K)
 Metaspace       used 61495K, committed 61888K, reserved 1114112K
  class space    used 6886K, committed 7040K, reserved 1048576K
}
Event: 9.435 GC heap after
{Heap after GC invocations=24 (full 0):
 garbage-first heap   total 146432K, used 77312K [0x00000000a0c00000, 0x0000000100000000)
  region size 1024K, 4 young (4096K), 4 survivors (4096K)
 Metaspace       used 61495K, committed 61888K, reserved 1114112K
  class space    used 6886K, committed 7040K, reserved 1048576K
}

Dll operation events (3 events):
Event: 0.013 Loaded shared library C:\Program Files\Android\Android Studio\jbr\bin\java.dll
Event: 0.020 Loaded shared library C:\Program Files\Android\Android Studio\jbr\bin\zip.dll
Event: 1.763 Loaded shared library C:\Program Files\Android\Android Studio\jbr\bin\verify.dll

Deoptimization events (20 events):
Event: 9.367 Thread 0x000001c8544d9290 Uncommon trap: reason=bimorphic_or_optimized_type_check action=maybe_recompile pc=0x000001c85f4a93e8 method=org.jetbrains.kotlin.fir.resolve.calls.tower.FirBaseTowerResolveTask.createExtensionReceiverOptions(Ljava/util/List;Lorg/jetbrains/kotlin/fir/resol
Event: 9.367 Thread 0x000001c8544d9290 DEOPT PACKING pc=0x000001c85f4a93e8 sp=0x00000083536f5f80
Event: 9.367 Thread 0x000001c8544d9290 DEOPT UNPACKING pc=0x000001c85ebb46a2 sp=0x00000083536f5e58 mode 2
Event: 9.367 Thread 0x000001c8544d9290 Uncommon trap: trap_request=0xffffffc6 fr.pc=0x000001c85f4a9bd8 relative=0x0000000000000218
Event: 9.367 Thread 0x000001c8544d9290 Uncommon trap: reason=bimorphic_or_optimized_type_check action=maybe_recompile pc=0x000001c85f4a9bd8 method=org.jetbrains.kotlin.fir.resolve.calls.tower.FirBaseTowerResolveTask.createExtensionReceiverOptions(Ljava/util/List;Lorg/jetbrains/kotlin/fir/resol
Event: 9.367 Thread 0x000001c8544d9290 DEOPT PACKING pc=0x000001c85f4a9bd8 sp=0x00000083536f5ee0
Event: 9.367 Thread 0x000001c8544d9290 DEOPT UNPACKING pc=0x000001c85ebb46a2 sp=0x00000083536f5e38 mode 2
Event: 9.686 Thread 0x000001c8544d9290 Uncommon trap: trap_request=0xffffffc6 fr.pc=0x000001c85f4ed360 relative=0x0000000000000ae0
Event: 9.686 Thread 0x000001c8544d9290 Uncommon trap: reason=bimorphic_or_optimized_type_check action=maybe_recompile pc=0x000001c85f4ed360 method=kotlin.collections.CollectionsKt___CollectionsKt.toList(Ljava/lang/Iterable;)Ljava/util/List; @ 76 c2
Event: 9.686 Thread 0x000001c8544d9290 DEOPT PACKING pc=0x000001c85f4ed360 sp=0x00000083536fc2d0
Event: 9.686 Thread 0x000001c8544d9290 DEOPT UNPACKING pc=0x000001c85ebb46a2 sp=0x00000083536fc2a0 mode 2
Event: 9.686 Thread 0x000001c8544d9290 Uncommon trap: trap_request=0xffffffc6 fr.pc=0x000001c85f4ed360 relative=0x0000000000000ae0
Event: 9.686 Thread 0x000001c8544d9290 Uncommon trap: reason=bimorphic_or_optimized_type_check action=maybe_recompile pc=0x000001c85f4ed360 method=kotlin.collections.CollectionsKt___CollectionsKt.toList(Ljava/lang/Iterable;)Ljava/util/List; @ 76 c2
Event: 9.686 Thread 0x000001c8544d9290 DEOPT PACKING pc=0x000001c85f4ed360 sp=0x00000083536fc2d0
Event: 9.686 Thread 0x000001c8544d9290 DEOPT UNPACKING pc=0x000001c85ebb46a2 sp=0x00000083536fc2a0 mode 2
Event: 10.394 Thread 0x000001c8544d9290 Uncommon trap: trap_request=0xffffff45 fr.pc=0x000001c85f534c24 relative=0x0000000000000744
Event: 10.394 Thread 0x000001c8544d9290 Uncommon trap: reason=unstable_if action=reinterpret pc=0x000001c85f534c24 method=org.jetbrains.kotlin.fir.resolve.calls.tower.FirBaseTowerResolveTask.toScopeTowerLevel$default(Lorg/jetbrains/kotlin/fir/resolve/calls/tower/FirBaseTowerResolveTask;Lorg/jet
Event: 10.394 Thread 0x000001c8544d9290 DEOPT PACKING pc=0x000001c85f534c24 sp=0x00000083536faea0
Event: 10.394 Thread 0x000001c8544d9290 DEOPT UNPACKING pc=0x000001c85ebb46a2 sp=0x00000083536fae70 mode 2
Event: 10.426 Thread 0x000001c8544d9290 Uncommon trap: trap_request=0xffffff45 fr.pc=0x000001c85f1202d4 relative=0x0000000000000614

Classes loaded (20 events):
Event: 8.997 Loading class java/util/stream/ReferencePipeline$3$1
Event: 8.997 Loading class java/util/stream/ReferencePipeline$3$1 done
Event: 9.040 Loading class java/util/regex/Pattern$StartS
Event: 9.040 Loading class java/util/regex/Pattern$StartS done
Event: 9.045 Loading class java/util/Collections$SynchronizedSet
Event: 9.045 Loading class java/util/Collections$SynchronizedCollection
Event: 9.045 Loading class java/util/Collections$SynchronizedCollection done
Event: 9.045 Loading class java/util/Collections$SynchronizedSet done
Event: 9.073 Loading class java/util/EnumMap$EntrySet
Event: 9.073 Loading class java/util/EnumMap$EntrySet done
Event: 9.073 Loading class java/util/EnumMap$EntryIterator
Event: 9.073 Loading class java/util/EnumMap$EnumMapIterator
Event: 9.073 Loading class java/util/EnumMap$EnumMapIterator done
Event: 9.073 Loading class java/util/EnumMap$EntryIterator done
Event: 9.074 Loading class java/util/EnumMap$EntryIterator$Entry
Event: 9.074 Loading class java/util/EnumMap$EntryIterator$Entry done
Event: 9.134 Loading class java/lang/Character$UnicodeBlock
Event: 9.136 Loading class java/lang/Character$Subset
Event: 9.136 Loading class java/lang/Character$Subset done
Event: 9.137 Loading class java/lang/Character$UnicodeBlock done

Classes unloaded (0 events):
No events

Classes redefined (0 events):
No events

Internal exceptions (20 events):
Event: 5.861 Thread 0x000001c8544d9290 Exception <a 'java/lang/NoSuchMethodError'{0x00000000a4a5cf80}: 'java.lang.Object java.lang.invoke.DirectMethodHandle$Holder.newInvokeSpecial(java.lang.Object, java.lang.Object, java.lang.Object, java.lang.Object, int)'> (0x00000000a4a5cf80) 
thrown [s\src\hotspot\share\interpreter\linkResolver.cpp, line 784]
Event: 5.862 Thread 0x000001c8544d9290 Exception <a 'java/lang/NoSuchMethodError'{0x00000000a4a61678}: 'java.lang.Object java.lang.invoke.DirectMethodHandle$Holder.invokeSpecial(java.lang.Object, java.lang.Object, java.lang.Object, java.lang.Object, java.lang.Object, int)'> (0x00000000a4a61678) 
thrown [s\src\hotspot\share\interpreter\linkResolver.cpp, line 784]
Event: 5.862 Thread 0x000001c8544d9290 Exception <a 'java/lang/NoSuchMethodError'{0x00000000a4a65668}: 'java.lang.Object java.lang.invoke.Invokers$Holder.linkToTargetMethod(java.lang.Object, java.lang.Object, java.lang.Object, int, java.lang.Object)'> (0x00000000a4a65668) 
thrown [s\src\hotspot\share\interpreter\linkResolver.cpp, line 784]
Event: 5.873 Thread 0x000001c8544d9290 Exception <a 'java/lang/NoSuchMethodError'{0x00000000a4ab5490}: 'java.lang.Object java.lang.invoke.DirectMethodHandle$Holder.newInvokeSpecial(java.lang.Object, java.lang.Object, java.lang.Object, java.lang.Object, int, java.lang.Object, java.lang.Object)'> (0x00000000a4ab5490) 
thrown [s\src\hotspot\share\interpreter\linkResolver.cpp, line 784]
Event: 5.873 Thread 0x000001c8544d9290 Exception <a 'java/lang/NoSuchMethodError'{0x00000000a4abd3c0}: 'java.lang.Object java.lang.invoke.Invokers$Holder.linkToTargetMethod(java.lang.Object, java.lang.Object, java.lang.Object, int, java.lang.Object, java.lang.Object, java.lang.Object)'> (0x00000000a4abd3c0) 
thrown [s\src\hotspot\share\interpreter\linkResolver.cpp, line 784]
Event: 6.115 Thread 0x000001c8544d9290 Exception <a 'java/lang/NoSuchMethodError'{0x00000000a4120238}: 'java.lang.Object java.lang.invoke.DirectMethodHandle$Holder.newInvokeSpecial(java.lang.Object, java.lang.Object, java.lang.Object, int)'> (0x00000000a4120238) 
thrown [s\src\hotspot\share\interpreter\linkResolver.cpp, line 784]
Event: 6.115 Thread 0x000001c8544d9290 Exception <a 'java/lang/NoSuchMethodError'{0x00000000a41240b8}: 'java.lang.Object java.lang.invoke.DirectMethodHandle$Holder.invokeSpecial(java.lang.Object, java.lang.Object, java.lang.Object, java.lang.Object, int)'> (0x00000000a41240b8) 
thrown [s\src\hotspot\share\interpreter\linkResolver.cpp, line 784]
Event: 6.116 Thread 0x000001c8544d9290 Exception <a 'java/lang/NoSuchMethodError'{0x00000000a4127810}: 'java.lang.Object java.lang.invoke.Invokers$Holder.linkToTargetMethod(java.lang.Object, java.lang.Object, int, java.lang.Object)'> (0x00000000a4127810) 
thrown [s\src\hotspot\share\interpreter\linkResolver.cpp, line 784]
Event: 6.121 Thread 0x000001c8544d9290 Exception <a 'java/lang/NoSuchMethodError'{0x00000000a4149000}: 'java.lang.Object java.lang.invoke.DirectMethodHandle$Holder.newInvokeSpecial(java.lang.Object, int, java.lang.Object)'> (0x00000000a4149000) 
thrown [s\src\hotspot\share\interpreter\linkResolver.cpp, line 784]
Event: 6.263 Thread 0x000001c8544d9290 Exception <a 'java/lang/NoSuchMethodError'{0x00000000a79ca440}: 'java.lang.Object java.lang.invoke.DirectMethodHandle$Holder.invokeSpecial(java.lang.Object, java.lang.Object, int, java.lang.Object, java.lang.Object)'> (0x00000000a79ca440) 
thrown [s\src\hotspot\share\interpreter\linkResolver.cpp, line 784]
Event: 6.775 Thread 0x000001c8544d9290 Exception <a 'java/lang/NoSuchMethodError'{0x00000000a63a0bf8}: 'java.lang.Object java.lang.invoke.DirectMethodHandle$Holder.newInvokeSpecial(java.lang.Object, java.lang.Object, java.lang.Object, java.lang.Object, java.lang.Object, java.lang.Object, java.lang.Object, java.lang.Object, java.lang.Object)'> (0x00000000a63a0bf8) 
thrown [s\src\hotspot\share\interpreter\linkResolver.cpp, line 784]
Event: 6.788 Thread 0x000001c8544d9290 Exception <a 'java/lang/NoSuchMethodError'{0x00000000a63d7bf8}: 'java.lang.Object java.lang.invoke.DirectMethodHandle$Holder.invokeStatic(java.lang.Object, java.lang.Object, java.lang.Object, int, java.lang.Object, java.lang.Object)'> (0x00000000a63d7bf8) 
thrown [s\src\hotspot\share\interpreter\linkResolver.cpp, line 784]
Event: 7.319 Thread 0x000001c8544d9290 Exception <a 'java/lang/NoSuchMethodError'{0x00000000a69be050}: 'java.lang.Object java.lang.invoke.DirectMethodHandle$Holder.invokeStatic(java.lang.Object, int, java.lang.Object, java.lang.Object)'> (0x00000000a69be050) 
thrown [s\src\hotspot\share\interpreter\linkResolver.cpp, line 784]
Event: 7.328 Thread 0x000001c8544d9290 Exception <a 'java/lang/NoSuchMethodError'{0x00000000a69f5008}: 'java.lang.Object java.lang.invoke.DirectMethodHandle$Holder.newInvokeSpecial(java.lang.Object, java.lang.Object, java.lang.Object, java.lang.Object, java.lang.Object, int)'> (0x00000000a69f5008) 
thrown [s\src\hotspot\share\interpreter\linkResolver.cpp, line 784]
Event: 7.329 Thread 0x000001c8544d9290 Exception <a 'java/lang/NoSuchMethodError'{0x00000000a69f97f0}: 'java.lang.Object java.lang.invoke.DirectMethodHandle$Holder.invokeSpecial(java.lang.Object, java.lang.Object, java.lang.Object, java.lang.Object, java.lang.Object, java.lang.Object, int)'> (0x00000000a69f97f0) 
thrown [s\src\hotspot\share\interpreter\linkResolver.cpp, line 784]
Event: 7.329 Thread 0x000001c8544d9290 Exception <a 'java/lang/NoSuchMethodError'{0x00000000a69fd8d8}: 'java.lang.Object java.lang.invoke.Invokers$Holder.linkToTargetMethod(java.lang.Object, java.lang.Object, java.lang.Object, java.lang.Object, int, java.lang.Object)'> (0x00000000a69fd8d8) 
thrown [s\src\hotspot\share\interpreter\linkResolver.cpp, line 784]
Event: 7.625 Thread 0x000001c8544d9290 Exception <a 'java/lang/NoSuchMethodError'{0x00000000a5e95828}: 'java.lang.Object java.lang.invoke.DirectMethodHandle$Holder.invokeStatic(java.lang.Object, int, java.lang.Object, java.lang.Object, java.lang.Object, java.lang.Object, java.lang.Object)'> (0x00000000a5e95828) 
thrown [s\src\hotspot\share\interpreter\linkResolver.cpp, line 784]
Event: 7.626 Thread 0x000001c8544d9290 Exception <a 'java/lang/NoSuchMethodError'{0x00000000a5e9ecd8}: 'java.lang.Object java.lang.invoke.DirectMethodHandle$Holder.newInvokeSpecial(java.lang.Object, int, java.lang.Object, java.lang.Object, java.lang.Object)'> (0x00000000a5e9ecd8) 
thrown [s\src\hotspot\share\interpreter\linkResolver.cpp, line 784]
Event: 7.626 Thread 0x000001c8544d9290 Exception <a 'java/lang/NoSuchMethodError'{0x00000000a5ea66a8}: 'java.lang.Object java.lang.invoke.Invokers$Holder.linkToTargetMethod(int, java.lang.Object, java.lang.Object, java.lang.Object, java.lang.Object)'> (0x00000000a5ea66a8) 
thrown [s\src\hotspot\share\interpreter\linkResolver.cpp, line 784]
Event: 9.235 Thread 0x000001c8544d9290 Exception <a 'java/lang/NoSuchMethodError'{0x00000000a6751278}: 'java.lang.Object java.lang.invoke.DirectMethodHandle$Holder.invokeStatic(java.lang.Object, int, java.lang.Object)'> (0x00000000a6751278) 
thrown [s\src\hotspot\share\interpreter\linkResolver.cpp, line 784]

ZGC Phase Switch (0 events):
No events

VM Operations (20 events):
Event: 8.973 Executing VM operation: HandshakeAllThreads (Deoptimize) done
Event: 8.988 Executing VM operation: HandshakeAllThreads (Deoptimize)
Event: 8.988 Executing VM operation: HandshakeAllThreads (Deoptimize) done
Event: 9.035 Executing VM operation: HandshakeAllThreads (Deoptimize)
Event: 9.035 Executing VM operation: HandshakeAllThreads (Deoptimize) done
Event: 9.310 Executing VM operation: ICBufferFull
Event: 9.310 Executing VM operation: ICBufferFull done
Event: 9.414 Executing VM operation: G1CollectForAllocation (G1 Evacuation Pause)
Event: 9.435 Executing VM operation: G1CollectForAllocation (G1 Evacuation Pause) done
Event: 9.544 Executing VM operation: G1PauseRemark
Event: 9.560 Executing VM operation: G1PauseRemark done
Event: 9.589 Executing VM operation: G1PauseCleanup
Event: 9.589 Executing VM operation: G1PauseCleanup done
Event: 9.716 Executing VM operation: HandshakeAllThreads (Deoptimize)
Event: 9.716 Executing VM operation: HandshakeAllThreads (Deoptimize) done
Event: 9.889 Executing VM operation: ICBufferFull
Event: 9.890 Executing VM operation: ICBufferFull done
Event: 10.294 Executing VM operation: ICBufferFull
Event: 10.295 Executing VM operation: ICBufferFull done
Event: 11.306 Executing VM operation: Cleanup

Memory protections (0 events):
No events

Nmethod flushes (20 events):
Event: 9.558 Thread 0x000001c86b18a0e0 flushing  nmethod 0x000001c857b9ce10
Event: 9.558 Thread 0x000001c86b18a0e0 flushing  nmethod 0x000001c857ba1990
Event: 9.558 Thread 0x000001c86b18a0e0 flushing  nmethod 0x000001c857baf390
Event: 9.558 Thread 0x000001c86b18a0e0 flushing  nmethod 0x000001c857bb0390
Event: 9.558 Thread 0x000001c86b18a0e0 flushing  nmethod 0x000001c857bb1f10
Event: 9.558 Thread 0x000001c86b18a0e0 flushing  nmethod 0x000001c857bb2610
Event: 9.558 Thread 0x000001c86b18a0e0 flushing  nmethod 0x000001c857bc3010
Event: 9.558 Thread 0x000001c86b18a0e0 flushing  nmethod 0x000001c857bc3410
Event: 9.558 Thread 0x000001c86b18a0e0 flushing  nmethod 0x000001c857bc7b10
Event: 9.558 Thread 0x000001c86b18a0e0 flushing  nmethod 0x000001c857bc8590
Event: 9.558 Thread 0x000001c86b18a0e0 flushing  nmethod 0x000001c857bc9e10
Event: 9.558 Thread 0x000001c86b18a0e0 flushing  nmethod 0x000001c857bcaa90
Event: 9.558 Thread 0x000001c86b18a0e0 flushing  nmethod 0x000001c857bcd890
Event: 9.558 Thread 0x000001c86b18a0e0 flushing  nmethod 0x000001c857be9190
Event: 9.558 Thread 0x000001c86b18a0e0 flushing  nmethod 0x000001c857bee390
Event: 9.558 Thread 0x000001c86b18a0e0 flushing  nmethod 0x000001c857bf9e10
Event: 9.558 Thread 0x000001c86b18a0e0 flushing  nmethod 0x000001c857bfa310
Event: 9.558 Thread 0x000001c86b18a0e0 flushing  nmethod 0x000001c857bfc590
Event: 9.558 Thread 0x000001c86b18a0e0 flushing  nmethod 0x000001c857c95690
Event: 9.558 Thread 0x000001c86b18a0e0 flushing  nmethod 0x000001c857d34a10

Events (20 events):
Event: 0.082 Thread 0x000001c8544d9290 Thread added: 0x000001c86b3449b0
Event: 0.082 Thread 0x000001c8544d9290 Thread added: 0x000001c86b345010
Event: 0.083 Thread 0x000001c8544d9290 Thread added: 0x000001c86b363800
Event: 0.083 Thread 0x000001c8544d9290 Thread added: 0x000001c86b365c70
Event: 0.132 Thread 0x000001c8544d9290 Thread added: 0x000001c86b504ea0
Event: 0.141 Thread 0x000001c8544d9290 Thread added: 0x000001c86b502dd0
Event: 0.150 Loaded shared library C:\Program Files\Android\Android Studio\jbr\bin\net.dll
Event: 0.154 Loaded shared library C:\Program Files\Android\Android Studio\jbr\bin\nio.dll
Event: 0.179 Thread 0x000001c86b363800 Thread added: 0x000001c86b586030
Event: 0.179 Thread 0x000001c86b363800 Thread added: 0x000001c86b5866d0
Event: 0.193 Loaded shared library C:\Program Files\Android\Android Studio\jbr\bin\zip.dll
Event: 0.240 Loaded shared library C:\Program Files\Android\Android Studio\jbr\bin\jimage.dll
Event: 0.692 Thread 0x000001c86b5866d0 Thread exited: 0x000001c86b5866d0
Event: 1.728 Thread 0x000001c86b586030 Thread exited: 0x000001c86b586030
Event: 1.868 Thread 0x000001c86b365c70 Thread added: 0x000001c870267580
Event: 1.881 Thread 0x000001c870267580 Thread added: 0x000001c870a9e010
Event: 2.825 Thread 0x000001c870a9e010 Thread exited: 0x000001c870a9e010
Event: 2.825 Thread 0x000001c870267580 Thread exited: 0x000001c870267580
Event: 3.652 Thread 0x000001c86b365c70 Thread added: 0x000001c871899ed0
Event: 3.696 Thread 0x000001c86b365c70 Thread added: 0x000001c8728fafc0


Dynamic libraries:
0x00007ff686690000 - 0x00007ff68669a000 	C:\Program Files\Android\Android Studio\jbr\bin\java.exe
0x00007ff97df80000 - 0x00007ff97e1e5000 	C:\WINDOWS\SYSTEM32\ntdll.dll
0x00007ff97c660000 - 0x00007ff97c729000 	C:\WINDOWS\System32\KERNEL32.DLL
0x00007ff97b900000 - 0x00007ff97bce8000 	C:\WINDOWS\System32\KERNELBASE.dll
0x00007ff97b430000 - 0x00007ff97b57b000 	C:\WINDOWS\System32\ucrtbase.dll
0x00007ff95bde0000 - 0x00007ff95bdfb000 	C:\Program Files\Android\Android Studio\jbr\bin\VCRUNTIME140.dll
0x00007ff967fb0000 - 0x00007ff967fc8000 	C:\Program Files\Android\Android Studio\jbr\bin\jli.dll
0x00007ff97c9e0000 - 0x00007ff97cbaa000 	C:\WINDOWS\System32\USER32.dll
0x00007ff97bcf0000 - 0x00007ff97bd17000 	C:\WINDOWS\System32\win32u.dll
0x00007ff967bb0000 - 0x00007ff967e4a000 	C:\WINDOWS\WinSxS\amd64_microsoft.windows.common-controls_6595b64144ccf1df_6.0.26100.4202_none_3e0698d4e335f517\COMCTL32.dll
0x00007ff97d100000 - 0x00007ff97d12b000 	C:\WINDOWS\System32\GDI32.dll
0x00007ff97d700000 - 0x00007ff97d7a9000 	C:\WINDOWS\System32\msvcrt.dll
0x00007ff97b170000 - 0x00007ff97b2a7000 	C:\WINDOWS\System32\gdi32full.dll
0x00007ff97b580000 - 0x00007ff97b623000 	C:\WINDOWS\System32\msvcp_win.dll
0x00007ff97be80000 - 0x00007ff97beb0000 	C:\WINDOWS\System32\IMM32.DLL
0x00007ff96fe20000 - 0x00007ff96fe2c000 	C:\Program Files\Android\Android Studio\jbr\bin\vcruntime140_1.dll
0x00007ff961720000 - 0x00007ff9617ad000 	C:\Program Files\Android\Android Studio\jbr\bin\msvcp140.dll
0x00007ff8ed230000 - 0x00007ff8edebb000 	C:\Program Files\Android\Android Studio\jbr\bin\server\jvm.dll
0x00007ff97cbb0000 - 0x00007ff97cc63000 	C:\WINDOWS\System32\ADVAPI32.dll
0x00007ff97dcd0000 - 0x00007ff97dd76000 	C:\WINDOWS\System32\sechost.dll
0x00007ff97dd80000 - 0x00007ff97de95000 	C:\WINDOWS\System32\RPCRT4.dll
0x00007ff97be00000 - 0x00007ff97be74000 	C:\WINDOWS\System32\WS2_32.dll
0x00007ff97af20000 - 0x00007ff97af7e000 	C:\WINDOWS\SYSTEM32\POWRPROF.dll
0x00007ff974e80000 - 0x00007ff974eb5000 	C:\WINDOWS\SYSTEM32\WINMM.dll
0x00007ff974ec0000 - 0x00007ff974ecb000 	C:\WINDOWS\SYSTEM32\VERSION.dll
0x00007ff97af00000 - 0x00007ff97af14000 	C:\WINDOWS\SYSTEM32\UMPDC.dll
0x00007ff979e50000 - 0x00007ff979e6b000 	C:\WINDOWS\SYSTEM32\kernel.appcore.dll
0x00007ff96fdf0000 - 0x00007ff96fdfa000 	C:\Program Files\Android\Android Studio\jbr\bin\jimage.dll
0x00007ff978a70000 - 0x00007ff978cb1000 	C:\WINDOWS\SYSTEM32\DBGHELP.DLL
0x00007ff97cc70000 - 0x00007ff97cff5000 	C:\WINDOWS\System32\combase.dll
0x00007ff97d3f0000 - 0x00007ff97d4d1000 	C:\WINDOWS\System32\OLEAUT32.dll
0x00007ff969060000 - 0x00007ff969099000 	C:\WINDOWS\SYSTEM32\dbgcore.DLL
0x00007ff97b0d0000 - 0x00007ff97b169000 	C:\WINDOWS\System32\bcryptPrimitives.dll
0x00007ff959bd0000 - 0x00007ff959bf0000 	C:\Program Files\Android\Android Studio\jbr\bin\java.dll
0x00007ff955750000 - 0x00007ff955768000 	C:\Program Files\Android\Android Studio\jbr\bin\zip.dll
0x00007ff97bf10000 - 0x00007ff97c652000 	C:\WINDOWS\System32\SHELL32.dll
0x00007ff97b2b0000 - 0x00007ff97b424000 	C:\WINDOWS\System32\wintypes.dll
0x00007ff978cf0000 - 0x00007ff979547000 	C:\WINDOWS\SYSTEM32\windows.storage.dll
0x00007ff97d000000 - 0x00007ff97d0f1000 	C:\WINDOWS\System32\SHCORE.dll
0x00007ff97c730000 - 0x00007ff97c79a000 	C:\WINDOWS\System32\shlwapi.dll
0x00007ff97afe0000 - 0x00007ff97b00f000 	C:\WINDOWS\SYSTEM32\profapi.dll
0x00007ff96fd30000 - 0x00007ff96fd40000 	C:\Program Files\Android\Android Studio\jbr\bin\net.dll
0x00007ff971de0000 - 0x00007ff971efe000 	C:\WINDOWS\SYSTEM32\WINHTTP.dll
0x00007ff97a3a0000 - 0x00007ff97a40a000 	C:\WINDOWS\system32\mswsock.dll
0x00007ff955510000 - 0x00007ff955526000 	C:\Program Files\Android\Android Studio\jbr\bin\nio.dll
0x00007ff967fa0000 - 0x00007ff967fb0000 	C:\Program Files\Android\Android Studio\jbr\bin\verify.dll

dbghelp: loaded successfully - version: 4.0.5 - missing functions: none
symbol engine: initialized successfully - sym options: 0x614 - pdb path: .;C:\Program Files\Android\Android Studio\jbr\bin;C:\WINDOWS\SYSTEM32;C:\WINDOWS\WinSxS\amd64_microsoft.windows.common-controls_6595b64144ccf1df_6.0.26100.4202_none_3e0698d4e335f517;C:\Program Files\Android\Android Studio\jbr\bin\server

VM Arguments:
java_command: org.jetbrains.kotlin.cli.jvm.K2JVMCompiler @C:\Users\ASUS\Documents\GitHub\cooking-game\CookingGameApp\app\build\20250615_919481659688402550.compiler.options
java_class_path (initial): C:\Users\ASUS\.gradle\caches\modules-2\files-2.1\org.jetbrains.kotlin\kotlin-compiler-embeddable\2.0.21\79346ed53db48b18312a472602eb5c057070c54d\kotlin-compiler-embeddable-2.0.21.jar;C:\Users\ASUS\.gradle\caches\modules-2\files-2.1\org.jetbrains.kotlin\kotlin-stdlib\2.0.21\618b539767b4899b4660a83006e052b63f1db551\kotlin-stdlib-2.0.21.jar;C:\Users\ASUS\.gradle\caches\modules-2\files-2.1\org.jetbrains.kotlin\kotlin-script-runtime\2.0.21\c9b044380ad41f89aa89aa896c2d32a8c0b2129d\kotlin-script-runtime-2.0.21.jar;C:\Users\ASUS\.gradle\caches\modules-2\files-2.1\org.jetbrains.kotlin\kotlin-reflect\1.6.10\1cbe9c92c12a94eea200d23c2bbaedaf3daf5132\kotlin-reflect-1.6.10.jar;C:\Users\ASUS\.gradle\caches\modules-2\files-2.1\org.jetbrains.kotlin\kotlin-daemon-embeddable\2.0.21\c9e933b23287de9b5a17e2116b4657bb91aea72c\kotlin-daemon-embeddable-2.0.21.jar;C:\Users\ASUS\.gradle\caches\modules-2\files-2.1\org.jetbrains.intellij.deps\trove4j\1.0.20200330\3afb14d5f9ceb459d724e907a21145e8ff394f02\trove4j-1.0.20200330.jar;C:\Users\ASUS\.gradle\caches\modules-2\files-2.1\org.jetbrains.kotlinx\kotlinx-coroutines-core-jvm\1.6.4\2c997cd1c0ef33f3e751d3831929aeff1390cb30\kotlinx-coroutines-core-jvm-1.6.4.jar;C:\Users\ASUS\.gradle\caches\modules-2\files-2.1\org.jetbrains\annotations\13.0\919f0dfe192fb4e063e7dacadee7f8bb9a2672a9\annotations-13.0.jar
Launcher Type: SUN_STANDARD

[Global flags]
     intx CICompilerCount                          = 4                                         {product} {ergonomic}
     uint ConcGCThreads                            = 2                                         {product} {ergonomic}
     uint G1ConcRefinementThreads                  = 8                                         {product} {ergonomic}
   size_t G1HeapRegionSize                         = 1048576                                   {product} {ergonomic}
    uintx GCDrainStackTargetSize                   = 64                                        {product} {ergonomic}
   size_t InitialHeapSize                          = 100663296                                 {product} {ergonomic}
   size_t MarkStackSize                            = 4194304                                   {product} {ergonomic}
   size_t MaxHeapSize                              = 1598029824                                {product} {ergonomic}
   size_t MaxNewSize                               = 958398464                                 {product} {ergonomic}
   size_t MinHeapDeltaBytes                        = 1048576                                   {product} {ergonomic}
   size_t MinHeapSize                              = 8388608                                   {product} {ergonomic}
    uintx NonNMethodCodeHeapSize                   = 5839372                                {pd product} {ergonomic}
    uintx NonProfiledCodeHeapSize                  = 122909434                              {pd product} {ergonomic}
    uintx ProfiledCodeHeapSize                     = 122909434                              {pd product} {ergonomic}
    uintx ReservedCodeCacheSize                    = 251658240                              {pd product} {ergonomic}
     bool SegmentedCodeCache                       = true                                      {product} {ergonomic}
   size_t SoftMaxHeapSize                          = 1598029824                             {manageable} {ergonomic}
     bool UseCompressedOops                        = true                           {product lp64_product} {ergonomic}
     bool UseG1GC                                  = true                                      {product} {ergonomic}
     bool UseLargePagesIndividualAllocation        = false                                  {pd product} {ergonomic}

Logging:
Log output configuration:
 #0: stdout all=warning uptime,level,tags foldmultilines=false
 #1: stderr all=off uptime,level,tags foldmultilines=false

Environment Variables:
PATH=C:\php-8.4.8-nts-Win32-vs17-x64;C:\Program Files (x86)\VMware\VMware Workstation\bin\;C:\WINDOWS\system32;C:\WINDOWS;C:\WINDOWS\System32\Wbem;C:\WINDOWS\System32\WindowsPowerShell\v1.0\;C:\WINDOWS\System32\OpenSSH\;C:\Program Files\nodejs\;C:\Program Files\PuTTY\;C:\Program Files\Git\cmd;C:\Program Files\Git LFS;C:\rclone-v1.69.0-windows-amd64;C:\Program Files\apache-maven-3.9.6\bin;C:\Program Files\Docker\Docker\resources\bin;C:\ProgramData\ComposerSetup\bin;C:\Program Files\Maven\maven-mvnd-1.0.2-windows-amd64\apache-maven-3.9.6\bin;C:\Users\ASUS\AppData\Local\GitHubDesktop\bin;C:\Users\ASUS\AppData\Roaming\Composer\vendor\bin
USERNAME=ASUS
OS=Windows_NT
PROCESSOR_IDENTIFIER=AMD64 Family 23 Model 24 Stepping 1, AuthenticAMD
TMP=C:\Users\ASUS\AppData\Local\Temp
TEMP=C:\Users\ASUS\AppData\Local\Temp




Periodic native trim disabled

JNI global refs:
JNI global refs: 13, weak refs: 4

JNI global refs memory usage: 835, weak refs: 833

Process memory usage:
Resident Set Size: 360988K (5% of 6237948K total physical memory with 429816K free physical memory)

OOME stack traces (most recent first):
Classloader memory used:
Loader jdk.internal.loader.ClassLoaders$AppClassLoader                                 : 50729K
Loader bootstrap                                                                       : 10975K
Loader java.net.URLClassLoader                                                         : 258K

---------------  S Y S T E M  ---------------

OS:
 Windows 11 , 64 bit Build 26100 (10.0.26100.4202)
OS uptime: 5 days 2:51 hours
Hyper-V role detected

CPU: total 8 (initial active 8) (8 cores per cpu, 2 threads per core) family 23 model 24 stepping 1 microcode 0x8108109, cx8, cmov, fxsr, ht, mmx, 3dnowpref, sse, sse2, sse3, ssse3, sse4a, sse4.1, sse4.2, popcnt, lzcnt, tsc, tscinvbit, avx, avx2, aes, clmul, bmi1, bmi2, adx, sha, fma, vzeroupper, clflush, clflushopt, hv, rdtscp, f16c
Processor Information for the first 8 processors :
  Max Mhz: 2100, Current Mhz: 2100, Mhz Limit: 2100

Memory: 4k page, system-wide physical 6091M (422M free)
TotalPageFile size 24523M (AvailPageFile size 66M)
current process WorkingSet (physical memory assigned to process): 347M, peak: 355M
current process commit charge ("private bytes"): 376M, peak: 385M

vm_info: OpenJDK 64-Bit Server VM (21.0.6+-13368085-b895.109) for windows-amd64 JRE (21.0.6+-13368085-b895.109), built on 2025-04-16T17:01:31Z by "builder" with MS VC++ 16.10 / 16.11 (VS2019)

END.
