#
# There is insufficient memory for the Java Runtime Environment to continue.
# Native memory allocation (mmap) failed to map 5242880 bytes. Error detail: G1 virtual space
# Possible reasons:
#   The system is out of physical RAM or swap space
#   This process is running with CompressedOops enabled, and the Java Heap may be blocking the growth of the native heap
# Possible solutions:
#   Reduce memory load on the system
#   Increase physical memory or swap space
#   Check if swap backing store is full
#   Decrease Java heap size (-Xmx/-Xms)
#   Decrease number of Java threads
#   Decrease Java thread stack sizes (-Xss)
#   Set larger code cache with -XX:ReservedCodeCacheSize=
#   JVM is running with Unscaled Compressed Oops mode in which the Java heap is
#     placed in the first 4GB address space. The Java Heap base address is the
#     maximum limit for the native heap growth. Please use -XX:HeapBaseMinAddress
#     to set the Java Heap base and to place the Java Heap above 4GB virtual address.
# This output file may be truncated or incomplete.
#
#  Out of Memory Error (os_windows.cpp:3898), pid=27464, tid=13628
#
# JRE version: OpenJDK Runtime Environment (21.0.6) (build 21.0.6+-13368085-b895.109)
# Java VM: OpenJDK 64-Bit Server VM (21.0.6+-13368085-b895.109, mixed mode, tiered, compressed oops, compressed class ptrs, g1 gc, windows-amd64)
# No core dump will be written. Minidumps are not enabled by default on client versions of Windows
#

---------------  S U M M A R Y ------------

Command Line: org.jetbrains.kotlin.cli.jvm.K2JVMCompiler @C:\Users\ASUS\Documents\GitHub\cooking-game\CookingGameApp\app\build\20250614_16330718500268933336.compiler.options

Host: AMD Ryzen 5 3500U with Radeon Vega Mobile Gfx  , 8 cores, 5G,  Windows 11 , 64 bit Build 26100 (10.0.26100.4202)
Time: Sat Jun 14 20:49:17 2025 W. Europe Daylight Time elapsed time: 17.249259 seconds (0d 0h 0m 17s)

---------------  T H R E A D  ---------------

Current thread (0x0000018b7fa7e6c0):  VMThread "VM Thread"          [id=13628, stack(0x0000002c80900000,0x0000002c80a00000) (1024K)]

Stack: [0x0000002c80900000,0x0000002c80a00000]
Native frames: (J=compiled Java code, j=interpreted, Vv=VM code, C=native code)
V  [jvm.dll+0x6d0639]
V  [jvm.dll+0x85eb03]
V  [jvm.dll+0x86105e]
V  [jvm.dll+0x861743]
V  [jvm.dll+0x27e6e6]
V  [jvm.dll+0x6ccfd5]
V  [jvm.dll+0x6c0a8a]
V  [jvm.dll+0x35537b]
V  [jvm.dll+0x35cfd6]
V  [jvm.dll+0x3aef86]
V  [jvm.dll+0x3af258]
V  [jvm.dll+0x327a2c]
V  [jvm.dll+0x327ab7]
V  [jvm.dll+0x36d93c]
V  [jvm.dll+0x36c0ee]
V  [jvm.dll+0x327181]
V  [jvm.dll+0x36b7f0]
V  [jvm.dll+0x8674c8]
V  [jvm.dll+0x868844]
V  [jvm.dll+0x868d80]
V  [jvm.dll+0x869013]
V  [jvm.dll+0x806ed8]
V  [jvm.dll+0x6cef0d]
C  [ucrtbase.dll+0x37b0]
C  [KERNEL32.DLL+0x2e8d7]
C  [ntdll.dll+0x3c34c]

VM_Operation (0x0000002c802fb370): G1CollectForAllocation, mode: safepoint, requested by thread 0x0000018b791c0060


---------------  P R O C E S S  ---------------

Threads class SMR info:
_java_thread_list=0x0000018b129e14a0, length=11, elements={
0x0000018b791c0060, 0x0000018b12838290, 0x0000018b12839a50, 0x0000018b12850db0,
0x0000018b12853810, 0x0000018b12854260, 0x0000018b12854cb0, 0x0000018b12855a30,
0x0000018b12858710, 0x0000018b12a042a0, 0x0000018b12a1eef0
}

Java Threads: ( => current thread )
  0x0000018b791c0060 JavaThread "main"                              [_thread_blocked, id=34628, stack(0x0000002c80200000,0x0000002c80300000) (1024K)]
  0x0000018b12838290 JavaThread "Reference Handler"          daemon [_thread_blocked, id=32344, stack(0x0000002c80a00000,0x0000002c80b00000) (1024K)]
  0x0000018b12839a50 JavaThread "Finalizer"                  daemon [_thread_blocked, id=24632, stack(0x0000002c80b00000,0x0000002c80c00000) (1024K)]
  0x0000018b12850db0 JavaThread "Signal Dispatcher"          daemon [_thread_blocked, id=7816, stack(0x0000002c80c00000,0x0000002c80d00000) (1024K)]
  0x0000018b12853810 JavaThread "Attach Listener"            daemon [_thread_blocked, id=30892, stack(0x0000002c80d00000,0x0000002c80e00000) (1024K)]
  0x0000018b12854260 JavaThread "Service Thread"             daemon [_thread_blocked, id=15280, stack(0x0000002c80e00000,0x0000002c80f00000) (1024K)]
  0x0000018b12854cb0 JavaThread "Monitor Deflation Thread"   daemon [_thread_blocked, id=7604, stack(0x0000002c80f00000,0x0000002c81000000) (1024K)]
  0x0000018b12855a30 JavaThread "C2 CompilerThread0"         daemon [_thread_blocked, id=23228, stack(0x0000002c81000000,0x0000002c81100000) (1024K)]
  0x0000018b12858710 JavaThread "C1 CompilerThread0"         daemon [_thread_blocked, id=24060, stack(0x0000002c81100000,0x0000002c81200000) (1024K)]
  0x0000018b12a042a0 JavaThread "Notification Thread"        daemon [_thread_blocked, id=21108, stack(0x0000002c81200000,0x0000002c81300000) (1024K)]
  0x0000018b12a1eef0 JavaThread "Common-Cleaner"             daemon [_thread_blocked, id=31352, stack(0x0000002c81300000,0x0000002c81400000) (1024K)]
Total: 11

Other Threads:
=>0x0000018b7fa7e6c0 VMThread "VM Thread"                           [id=13628, stack(0x0000002c80900000,0x0000002c80a00000) (1024K)]
  0x0000018b7fa03950 WatcherThread "VM Periodic Task Thread"        [id=11232, stack(0x0000002c80800000,0x0000002c80900000) (1024K)]
  0x0000018b7b59f8e0 WorkerThread "GC Thread#0"                     [id=33948, stack(0x0000002c80300000,0x0000002c80400000) (1024K)]
  0x0000018b17635b60 WorkerThread "GC Thread#1"                     [id=25788, stack(0x0000002c81400000,0x0000002c81500000) (1024K)]
  0x0000018b1763c350 WorkerThread "GC Thread#2"                     [id=11140, stack(0x0000002c81500000,0x0000002c81600000) (1024K)]
  0x0000018b1763c6f0 WorkerThread "GC Thread#3"                     [id=25800, stack(0x0000002c81600000,0x0000002c81700000) (1024K)]
  0x0000018b1763ca90 WorkerThread "GC Thread#4"                     [id=20248, stack(0x0000002c81700000,0x0000002c81800000) (1024K)]
  0x0000018b1763ce30 WorkerThread "GC Thread#5"                     [id=30920, stack(0x0000002c81800000,0x0000002c81900000) (1024K)]
  0x0000018b176b7cd0 WorkerThread "GC Thread#6"                     [id=20428, stack(0x0000002c81900000,0x0000002c81a00000) (1024K)]
  0x0000018b176b6370 WorkerThread "GC Thread#7"                     [id=30296, stack(0x0000002c81a00000,0x0000002c81b00000) (1024K)]
  0x0000018b7b5ac740 ConcurrentGCThread "G1 Main Marker"            [id=33900, stack(0x0000002c80400000,0x0000002c80500000) (1024K)]
  0x0000018b7b5ae080 WorkerThread "G1 Conc#0"                       [id=18896, stack(0x0000002c80500000,0x0000002c80600000) (1024K)]
  0x0000018b176b6710 WorkerThread "G1 Conc#1"                       [id=17844, stack(0x0000002c81b00000,0x0000002c81c00000) (1024K)]
  0x0000018b7f8d1000 ConcurrentGCThread "G1 Refine#0"               [id=25476, stack(0x0000002c80600000,0x0000002c80700000) (1024K)]
  0x0000018b7f8d43b0 ConcurrentGCThread "G1 Service"                [id=22776, stack(0x0000002c80700000,0x0000002c80800000) (1024K)]
Total: 15

Threads with active compile tasks:
C2 CompilerThread0  17286 4330       4       kotlin.collections.builders.SetBuilder::add (17 bytes)
Total: 1

VM state: at safepoint (normal execution)

VM Mutex/Monitor currently owned by a thread:  ([mutex/lock_event])
[0x00007ff8eddde3a0] Threads_lock - owner thread: 0x0000018b7fa7e6c0
[0x00007ff8eddde4a0] Heap_lock - owner thread: 0x0000018b791c0060

Heap address: 0x00000000a0c00000, size: 1524 MB, Compressed Oops mode: 32-bit

CDS archive(s) not mapped
Compressed class space mapped at: 0x0000000100000000-0x0000000140000000, reserved size: 1073741824
Narrow klass base: 0x0000000000000000, Narrow klass shift: 3, Narrow klass range: 0x140000000

GC Precious Log:
 CardTable entry size: 512
 Card Set container configuration: InlinePtr #cards 5 size 8 Array Of Cards #cards 12 size 40 Howl #buckets 4 coarsen threshold 1843 Howl Bitmap #cards 512 size 80 coarsen threshold 460 Card regions per heap region 1 cards per card region 2048
 CPUs: 8 total, 8 available
 Memory: 6091M
 Large Page Support: Disabled
 NUMA Support: Disabled
 Compressed Oops: Enabled (32-bit)
 Heap Region Size: 1M
 Heap Min Capacity: 8M
 Heap Initial Capacity: 96M
 Heap Max Capacity: 1524M
 Pre-touch: Disabled
 Parallel Workers: 8
 Concurrent Workers: 2
 Concurrent Refinement Workers: 8
 Periodic GC: Disabled

Heap:
 garbage-first heap   total 70656K, used 45989K [0x00000000a0c00000, 0x0000000100000000)
  region size 1024K, 2 young (2048K), 2 survivors (2048K)
 Metaspace       used 50705K, committed 51008K, reserved 1114112K
  class space    used 5768K, committed 5888K, reserved 1048576K

Heap Regions: E=young(eden), S=young(survivor), O=old, HS=humongous(starts), HC=humongous(continues), CS=collection set, F=free, TAMS=top-at-mark-start, PB=parsable bottom
|   0|0x00000000a0c00000, 0x00000000a0d00000, 0x00000000a0d00000|100%|HS|  |TAMS 0x00000000a0c00000| PB 0x00000000a0c00000| Complete 
|   1|0x00000000a0d00000, 0x00000000a0e00000, 0x00000000a0e00000|100%|HC|  |TAMS 0x00000000a0d00000| PB 0x00000000a0d00000| Complete 
|   2|0x00000000a0e00000, 0x00000000a0f00000, 0x00000000a0f00000|100%|HC|  |TAMS 0x00000000a0e00000| PB 0x00000000a0e00000| Complete 
|   3|0x00000000a0f00000, 0x00000000a1000000, 0x00000000a1000000|100%| O|  |TAMS 0x00000000a0f00000| PB 0x00000000a0f00000| Untracked 
|   4|0x00000000a1000000, 0x00000000a1100000, 0x00000000a1100000|100%| O|  |TAMS 0x00000000a1000000| PB 0x00000000a1000000| Untracked 
|   5|0x00000000a1100000, 0x00000000a11f1e00, 0x00000000a1200000| 94%| O|  |TAMS 0x00000000a1100000| PB 0x00000000a1100000| Untracked 
|   6|0x00000000a1200000, 0x00000000a1300000, 0x00000000a1300000|100%| O|  |TAMS 0x00000000a1200000| PB 0x00000000a1200000| Untracked 
|   7|0x00000000a1300000, 0x00000000a1400000, 0x00000000a1400000|100%| O|  |TAMS 0x00000000a1300000| PB 0x00000000a1300000| Untracked 
|   8|0x00000000a1400000, 0x00000000a1500000, 0x00000000a1500000|100%| O|  |TAMS 0x00000000a1400000| PB 0x00000000a1400000| Untracked 
|   9|0x00000000a1500000, 0x00000000a1600000, 0x00000000a1600000|100%| O|  |TAMS 0x00000000a1500000| PB 0x00000000a1500000| Untracked 
|  10|0x00000000a1600000, 0x00000000a1700000, 0x00000000a1700000|100%| O|  |TAMS 0x00000000a1600000| PB 0x00000000a1600000| Untracked 
|  11|0x00000000a1700000, 0x00000000a1800000, 0x00000000a1800000|100%| O|  |TAMS 0x00000000a1700000| PB 0x00000000a1700000| Untracked 
|  12|0x00000000a1800000, 0x00000000a1900000, 0x00000000a1900000|100%| O|  |TAMS 0x00000000a1800000| PB 0x00000000a1800000| Untracked 
|  13|0x00000000a1900000, 0x00000000a1a00000, 0x00000000a1a00000|100%| O|  |TAMS 0x00000000a1900000| PB 0x00000000a1900000| Untracked 
|  14|0x00000000a1a00000, 0x00000000a1b00000, 0x00000000a1b00000|100%| O|  |TAMS 0x00000000a1a00000| PB 0x00000000a1a00000| Untracked 
|  15|0x00000000a1b00000, 0x00000000a1c00000, 0x00000000a1c00000|100%| O|  |TAMS 0x00000000a1b00000| PB 0x00000000a1b00000| Untracked 
|  16|0x00000000a1c00000, 0x00000000a1d00000, 0x00000000a1d00000|100%| O|  |TAMS 0x00000000a1c00000| PB 0x00000000a1c00000| Untracked 
|  17|0x00000000a1d00000, 0x00000000a1e00000, 0x00000000a1e00000|100%| O|  |TAMS 0x00000000a1d00000| PB 0x00000000a1d00000| Untracked 
|  18|0x00000000a1e00000, 0x00000000a1f00000, 0x00000000a1f00000|100%| O|  |TAMS 0x00000000a1e00000| PB 0x00000000a1e00000| Untracked 
|  19|0x00000000a1f00000, 0x00000000a2000000, 0x00000000a2000000|100%| O|  |TAMS 0x00000000a1f00000| PB 0x00000000a1f00000| Untracked 
|  20|0x00000000a2000000, 0x00000000a2100000, 0x00000000a2100000|100%| O|  |TAMS 0x00000000a2000000| PB 0x00000000a2000000| Untracked 
|  21|0x00000000a2100000, 0x00000000a2200000, 0x00000000a2200000|100%| O|  |TAMS 0x00000000a2100000| PB 0x00000000a2100000| Untracked 
|  22|0x00000000a2200000, 0x00000000a2300000, 0x00000000a2300000|100%| O|  |TAMS 0x00000000a2200000| PB 0x00000000a2200000| Untracked 
|  23|0x00000000a2300000, 0x00000000a2400000, 0x00000000a2400000|100%| O|  |TAMS 0x00000000a2300000| PB 0x00000000a2300000| Untracked 
|  24|0x00000000a2400000, 0x00000000a2500000, 0x00000000a2500000|100%| O|  |TAMS 0x00000000a2400000| PB 0x00000000a2400000| Untracked 
|  25|0x00000000a2500000, 0x00000000a2500000, 0x00000000a2600000|  0%| F|  |TAMS 0x00000000a2500000| PB 0x00000000a2500000| Untracked 
|  26|0x00000000a2600000, 0x00000000a2700000, 0x00000000a2700000|100%| O|  |TAMS 0x00000000a2600000| PB 0x00000000a2600000| Untracked 
|  27|0x00000000a2700000, 0x00000000a2800000, 0x00000000a2800000|100%|HS|  |TAMS 0x00000000a2700000| PB 0x00000000a2700000| Complete 
|  28|0x00000000a2800000, 0x00000000a2900000, 0x00000000a2900000|100%| O|  |TAMS 0x00000000a2800000| PB 0x00000000a2800000| Untracked 
|  29|0x00000000a2900000, 0x00000000a2a00000, 0x00000000a2a00000|100%| O|  |TAMS 0x00000000a2900000| PB 0x00000000a2900000| Untracked 
|  30|0x00000000a2a00000, 0x00000000a2b00000, 0x00000000a2b00000|100%| O|  |TAMS 0x00000000a2a00000| PB 0x00000000a2a00000| Untracked 
|  31|0x00000000a2b00000, 0x00000000a2c00000, 0x00000000a2c00000|100%| O|  |TAMS 0x00000000a2b00000| PB 0x00000000a2b00000| Untracked 
|  32|0x00000000a2c00000, 0x00000000a2d00000, 0x00000000a2d00000|100%| O|  |TAMS 0x00000000a2c00000| PB 0x00000000a2c00000| Untracked 
|  33|0x00000000a2d00000, 0x00000000a2e00000, 0x00000000a2e00000|100%| O|  |TAMS 0x00000000a2d00000| PB 0x00000000a2d00000| Untracked 
|  34|0x00000000a2e00000, 0x00000000a2f00000, 0x00000000a2f00000|100%| O|  |TAMS 0x00000000a2e00000| PB 0x00000000a2e00000| Untracked 
|  35|0x00000000a2f00000, 0x00000000a3000000, 0x00000000a3000000|100%| O|  |TAMS 0x00000000a2f00000| PB 0x00000000a2f00000| Untracked 
|  36|0x00000000a3000000, 0x00000000a3100000, 0x00000000a3100000|100%| O|  |TAMS 0x00000000a3000000| PB 0x00000000a3000000| Untracked 
|  37|0x00000000a3100000, 0x00000000a3200000, 0x00000000a3200000|100%| O|  |TAMS 0x00000000a3100000| PB 0x00000000a3100000| Untracked 
|  38|0x00000000a3200000, 0x00000000a3300000, 0x00000000a3300000|100%| O|  |TAMS 0x00000000a3200000| PB 0x00000000a3200000| Untracked 
|  39|0x00000000a3300000, 0x00000000a3400000, 0x00000000a3400000|100%| O|  |TAMS 0x00000000a3300000| PB 0x00000000a3300000| Untracked 
|  40|0x00000000a3400000, 0x00000000a3500000, 0x00000000a3500000|100%| O|  |TAMS 0x00000000a3400000| PB 0x00000000a3400000| Untracked 
|  41|0x00000000a3500000, 0x00000000a3600000, 0x00000000a3600000|100%| O|  |TAMS 0x00000000a3500000| PB 0x00000000a3500000| Untracked 
|  42|0x00000000a3600000, 0x00000000a36f7680, 0x00000000a3700000| 96%| O|  |TAMS 0x00000000a3600000| PB 0x00000000a3600000| Untracked 
|  43|0x00000000a3700000, 0x00000000a3700000, 0x00000000a3800000|  0%| F|  |TAMS 0x00000000a3700000| PB 0x00000000a3700000| Untracked 
|  44|0x00000000a3800000, 0x00000000a3800000, 0x00000000a3900000|  0%| F|  |TAMS 0x00000000a3800000| PB 0x00000000a3800000| Untracked 
|  45|0x00000000a3900000, 0x00000000a3900000, 0x00000000a3a00000|  0%| F|  |TAMS 0x00000000a3900000| PB 0x00000000a3900000| Untracked 
|  46|0x00000000a3a00000, 0x00000000a3a00000, 0x00000000a3b00000|  0%| F|  |TAMS 0x00000000a3a00000| PB 0x00000000a3a00000| Untracked 
|  47|0x00000000a3b00000, 0x00000000a3b00000, 0x00000000a3c00000|  0%| F|  |TAMS 0x00000000a3b00000| PB 0x00000000a3b00000| Untracked 
|  48|0x00000000a3c00000, 0x00000000a3c00000, 0x00000000a3d00000|  0%| F|  |TAMS 0x00000000a3c00000| PB 0x00000000a3c00000| Untracked 
|  49|0x00000000a3d00000, 0x00000000a3d00000, 0x00000000a3e00000|  0%| F|  |TAMS 0x00000000a3d00000| PB 0x00000000a3d00000| Untracked 
|  50|0x00000000a3e00000, 0x00000000a3e00000, 0x00000000a3f00000|  0%| F|  |TAMS 0x00000000a3e00000| PB 0x00000000a3e00000| Untracked 
|  51|0x00000000a3f00000, 0x00000000a4000000, 0x00000000a4000000|100%| S|CS|TAMS 0x00000000a3f00000| PB 0x00000000a3f00000| Complete 
|  52|0x00000000a4000000, 0x00000000a4100000, 0x00000000a4100000|100%| S|CS|TAMS 0x00000000a4000000| PB 0x00000000a4000000| Complete 
|  53|0x00000000a4100000, 0x00000000a4100000, 0x00000000a4200000|  0%| F|  |TAMS 0x00000000a4100000| PB 0x00000000a4100000| Untracked 
|  54|0x00000000a4200000, 0x00000000a4200000, 0x00000000a4300000|  0%| F|  |TAMS 0x00000000a4200000| PB 0x00000000a4200000| Untracked 
|  55|0x00000000a4300000, 0x00000000a4300000, 0x00000000a4400000|  0%| F|  |TAMS 0x00000000a4300000| PB 0x00000000a4300000| Untracked 
|  56|0x00000000a4400000, 0x00000000a4400000, 0x00000000a4500000|  0%| F|  |TAMS 0x00000000a4400000| PB 0x00000000a4400000| Untracked 
|  57|0x00000000a4500000, 0x00000000a4500000, 0x00000000a4600000|  0%| F|  |TAMS 0x00000000a4500000| PB 0x00000000a4500000| Untracked 
|  58|0x00000000a4600000, 0x00000000a4600000, 0x00000000a4700000|  0%| F|  |TAMS 0x00000000a4600000| PB 0x00000000a4600000| Untracked 
|  59|0x00000000a4700000, 0x00000000a4700000, 0x00000000a4800000|  0%| F|  |TAMS 0x00000000a4700000| PB 0x00000000a4700000| Untracked 
|  60|0x00000000a4800000, 0x00000000a4800000, 0x00000000a4900000|  0%| F|  |TAMS 0x00000000a4800000| PB 0x00000000a4800000| Untracked 
|  61|0x00000000a4900000, 0x00000000a4900000, 0x00000000a4a00000|  0%| F|  |TAMS 0x00000000a4900000| PB 0x00000000a4900000| Untracked 
|  62|0x00000000a4a00000, 0x00000000a4a00000, 0x00000000a4b00000|  0%| F|  |TAMS 0x00000000a4a00000| PB 0x00000000a4a00000| Untracked 
|  63|0x00000000a4b00000, 0x00000000a4b00000, 0x00000000a4c00000|  0%| F|  |TAMS 0x00000000a4b00000| PB 0x00000000a4b00000| Untracked 
|  69|0x00000000a5100000, 0x00000000a5100000, 0x00000000a5200000|  0%| F|  |TAMS 0x00000000a5100000| PB 0x00000000a5100000| Untracked 
|  73|0x00000000a5500000, 0x00000000a5500000, 0x00000000a5600000|  0%| F|  |TAMS 0x00000000a5500000| PB 0x00000000a5500000| Untracked 
|  95|0x00000000a6b00000, 0x00000000a6b00000, 0x00000000a6c00000|  0%| F|  |TAMS 0x00000000a6b00000| PB 0x00000000a6b00000| Untracked 
|1522|0x00000000ffe00000, 0x00000000ffe00000, 0x00000000fff00000|  0%| F|  |TAMS 0x00000000ffe00000| PB 0x00000000ffe00000| Untracked 
|1523|0x00000000fff00000, 0x0000000100000000, 0x0000000100000000|100%| O|  |TAMS 0x00000000fff00000| PB 0x00000000fff00000| Untracked 

Card table byte_map: [0x0000018b7ecf0000,0x0000018b7eff0000] _byte_map_base: 0x0000018b7e7ea000

Marking Bits: (CMBitMap*) 0x0000018b7b59ffe0
 Bits: [0x0000018b0f000000, 0x0000018b107d0000)

Polling page: 0x0000018b79520000

Metaspace:

Usage:
  Non-class:     43.88 MB used.
      Class:      5.63 MB used.
       Both:     49.52 MB used.

Virtual space:
  Non-class space:       64.00 MB reserved,      44.06 MB ( 69%) committed,  1 nodes.
      Class space:        1.00 GB reserved,       5.75 MB ( <1%) committed,  1 nodes.
             Both:        1.06 GB reserved,      49.81 MB (  5%) committed. 

Chunk freelists:
   Non-Class:  3.55 MB
       Class:  10.19 MB
        Both:  13.73 MB

MaxMetaspaceSize: unlimited
CompressedClassSpaceSize: 1.00 GB
Initial GC threshold: 21.00 MB
Current GC threshold: 80.75 MB
CDS: off
 - commit_granule_bytes: 65536.
 - commit_granule_words: 8192.
 - virtual_space_node_default_size: 8388608.
 - enlarge_chunks_in_place: 1.
 - use_allocation_guard: 0.


Internal statistics:

num_allocs_failed_limit: 3.
num_arena_births: 244.
num_arena_deaths: 0.
num_vsnodes_births: 2.
num_vsnodes_deaths: 0.
num_space_committed: 795.
num_space_uncommitted: 0.
num_chunks_returned_to_freelist: 3.
num_chunks_taken_from_freelist: 1738.
num_chunk_merges: 0.
num_chunk_splits: 1424.
num_chunks_enlarged: 1279.
num_inconsistent_stats: 0.

CodeHeap 'non-profiled nmethods': size=120000Kb used=1773Kb max_used=1773Kb free=118226Kb
 bounds [0x0000018b07ad0000, 0x0000018b07d40000, 0x0000018b0f000000]
CodeHeap 'profiled nmethods': size=120000Kb used=8473Kb max_used=8473Kb free=111527Kb
 bounds [0x0000018b00000000, 0x0000018b00850000, 0x0000018b07530000]
CodeHeap 'non-nmethods': size=5760Kb used=1565Kb max_used=1613Kb free=4194Kb
 bounds [0x0000018b07530000, 0x0000018b077a0000, 0x0000018b07ad0000]
 total_blobs=4517 nmethods=3882 adapters=539
 compilation: enabled
              stopped_count=0, restarted_count=0
 full_count=0

Compilation events (20 events):
Event: 15.208 Thread 0x0000018b12858710 4358       3       org.jetbrains.kotlin.fir.types.ConeTypeContext::isMarkedNullable (51 bytes)
Event: 15.208 Thread 0x0000018b12855a30 nmethod 4267 0x0000018b07c8a090 code [0x0000018b07c8a240, 0x0000018b07c8a498]
Event: 15.208 Thread 0x0000018b12855a30 4275       4       org.jetbrains.kotlin.name.Name::equals (52 bytes)
Event: 15.208 Thread 0x0000018b12858710 nmethod 4358 0x0000018b00844190 code [0x0000018b00844440, 0x0000018b00844ff0]
Event: 15.208 Thread 0x0000018b12858710 4357       3       org.jetbrains.kotlin.fir.scopes.impl.AbstractFirUseSiteMemberScope::getCallableNamesCached (15 bytes)
Event: 15.209 Thread 0x0000018b12858710 nmethod 4357 0x0000018b00845410 code [0x0000018b008455c0, 0x0000018b00845888]
Event: 15.209 Thread 0x0000018b12858710 4355       3       kotlin.collections.builders.ListBuilderKt::copyOfUninitializedElements (18 bytes)
Event: 15.210 Thread 0x0000018b12858710 nmethod 4355 0x0000018b00845990 code [0x0000018b00845be0, 0x0000018b00846268]
Event: 15.210 Thread 0x0000018b12858710 4359       1       org.jetbrains.kotlin.fir.declarations.impl.FirPropertyImpl::getName (5 bytes)
Event: 15.210 Thread 0x0000018b12858710 nmethod 4359 0x0000018b07c8a690 code [0x0000018b07c8a820, 0x0000018b07c8a8e8]
Event: 15.210 Thread 0x0000018b12858710 4354       1       org.jetbrains.kotlin.fir.declarations.impl.FirPrimaryConstructor::getAnnotations-5e3fPpI (5 bytes)
Event: 15.210 Thread 0x0000018b12855a30 nmethod 4275 0x0000018b07c8a990 code [0x0000018b07c8ab20, 0x0000018b07c8ad60]
Event: 15.210 Thread 0x0000018b12858710 nmethod 4354 0x0000018b07c8ae90 code [0x0000018b07c8b020, 0x0000018b07c8b0e8]
Event: 15.210 Thread 0x0000018b12855a30 4330       4       kotlin.collections.builders.SetBuilder::add (17 bytes)
Event: 15.215 Thread 0x0000018b12858710 4360       1       org.jetbrains.kotlin.fir.declarations.FirTowerDataElement::getImplicitReceiver (5 bytes)
Event: 15.215 Thread 0x0000018b12858710 nmethod 4360 0x0000018b07c8b190 code [0x0000018b07c8b320, 0x0000018b07c8b3e8]
Event: 15.215 Thread 0x0000018b12858710 4361       1       org.jetbrains.kotlin.fir.declarations.FirTowerDataElement::getContextReceiverGroup (5 bytes)
Event: 15.215 Thread 0x0000018b12858710 nmethod 4361 0x0000018b07c8b490 code [0x0000018b07c8b620, 0x0000018b07c8b6e8]
Event: 15.215 Thread 0x0000018b12858710 4362       3       java.lang.Module::implIsExportedOrOpen (92 bytes)
Event: 15.215 Thread 0x0000018b12858710 nmethod 4362 0x0000018b00846510 code [0x0000018b00846740, 0x0000018b00846e10]

GC Heap History (20 events):
Event: 5.597 GC heap after
{Heap after GC invocations=7 (full 0):
 garbage-first heap   total 35840K, used 19161K [0x00000000a0c00000, 0x0000000100000000)
  region size 1024K, 2 young (2048K), 2 survivors (2048K)
 Metaspace       used 30441K, committed 30656K, reserved 1114112K
  class space    used 3291K, committed 3392K, reserved 1048576K
}
Event: 6.418 GC heap before
{Heap before GC invocations=8 (full 0):
 garbage-first heap   total 35840K, used 27353K [0x00000000a0c00000, 0x0000000100000000)
  region size 1024K, 11 young (11264K), 2 survivors (2048K)
 Metaspace       used 33410K, committed 33664K, reserved 1114112K
  class space    used 4056K, committed 4160K, reserved 1048576K
}
Event: 6.424 GC heap after
{Heap after GC invocations=9 (full 0):
 garbage-first heap   total 51200K, used 19821K [0x00000000a0c00000, 0x0000000100000000)
  region size 1024K, 2 young (2048K), 2 survivors (2048K)
 Metaspace       used 33410K, committed 33664K, reserved 1114112K
  class space    used 4056K, committed 4160K, reserved 1048576K
}
Event: 7.479 GC heap before
{Heap before GC invocations=9 (full 0):
 garbage-first heap   total 51200K, used 39277K [0x00000000a0c00000, 0x0000000100000000)
  region size 1024K, 22 young (22528K), 2 survivors (2048K)
 Metaspace       used 37816K, committed 38144K, reserved 1114112K
  class space    used 4506K, committed 4672K, reserved 1048576K
}
Event: 7.488 GC heap after
{Heap after GC invocations=10 (full 0):
 garbage-first heap   total 51200K, used 21248K [0x00000000a0c00000, 0x0000000100000000)
  region size 1024K, 3 young (3072K), 3 survivors (3072K)
 Metaspace       used 37816K, committed 38144K, reserved 1114112K
  class space    used 4506K, committed 4672K, reserved 1048576K
}
Event: 9.383 GC heap before
{Heap before GC invocations=10 (full 0):
 garbage-first heap   total 51200K, used 40704K [0x00000000a0c00000, 0x0000000100000000)
  region size 1024K, 23 young (23552K), 3 survivors (3072K)
 Metaspace       used 42858K, committed 43136K, reserved 1114112K
  class space    used 4976K, committed 5120K, reserved 1048576K
}
Event: 9.400 GC heap after
{Heap after GC invocations=11 (full 0):
 garbage-first heap   total 51200K, used 23495K [0x00000000a0c00000, 0x0000000100000000)
  region size 1024K, 3 young (3072K), 3 survivors (3072K)
 Metaspace       used 42858K, committed 43136K, reserved 1114112K
  class space    used 4976K, committed 5120K, reserved 1048576K
}
Event: 10.800 GC heap before
{Heap before GC invocations=11 (full 0):
 garbage-first heap   total 51200K, used 41927K [0x00000000a0c00000, 0x0000000100000000)
  region size 1024K, 22 young (22528K), 3 survivors (3072K)
 Metaspace       used 47394K, committed 47680K, reserved 1114112K
  class space    used 5438K, committed 5568K, reserved 1048576K
}
Event: 10.814 GC heap after
{Heap after GC invocations=12 (full 0):
 garbage-first heap   total 51200K, used 25647K [0x00000000a0c00000, 0x0000000100000000)
  region size 1024K, 2 young (2048K), 2 survivors (2048K)
 Metaspace       used 47394K, committed 47680K, reserved 1114112K
  class space    used 5438K, committed 5568K, reserved 1048576K
}
Event: 12.112 GC heap before
{Heap before GC invocations=12 (full 0):
 garbage-first heap   total 51200K, used 44079K [0x00000000a0c00000, 0x0000000100000000)
  region size 1024K, 20 young (20480K), 2 survivors (2048K)
 Metaspace       used 48916K, committed 49216K, reserved 1114112K
  class space    used 5565K, committed 5696K, reserved 1048576K
}
Event: 12.141 GC heap after
{Heap after GC invocations=13 (full 0):
 garbage-first heap   total 51200K, used 30648K [0x00000000a0c00000, 0x0000000100000000)
  region size 1024K, 3 young (3072K), 3 survivors (3072K)
 Metaspace       used 48916K, committed 49216K, reserved 1114112K
  class space    used 5565K, committed 5696K, reserved 1048576K
}
Event: 12.797 GC heap before
{Heap before GC invocations=14 (full 0):
 garbage-first heap   total 51200K, used 43960K [0x00000000a0c00000, 0x0000000100000000)
  region size 1024K, 15 young (15360K), 3 survivors (3072K)
 Metaspace       used 49179K, committed 49472K, reserved 1114112K
  class space    used 5603K, committed 5760K, reserved 1048576K
}
Event: 12.825 GC heap after
{Heap after GC invocations=15 (full 0):
 garbage-first heap   total 51200K, used 35783K [0x00000000a0c00000, 0x0000000100000000)
  region size 1024K, 2 young (2048K), 2 survivors (2048K)
 Metaspace       used 49179K, committed 49472K, reserved 1114112K
  class space    used 5603K, committed 5760K, reserved 1048576K
}
Event: 13.100 GC heap before
{Heap before GC invocations=15 (full 0):
 garbage-first heap   total 51200K, used 43975K [0x00000000a0c00000, 0x0000000100000000)
  region size 1024K, 10 young (10240K), 2 survivors (2048K)
 Metaspace       used 49238K, committed 49536K, reserved 1114112K
  class space    used 5603K, committed 5760K, reserved 1048576K
}
Event: 13.116 GC heap after
{Heap after GC invocations=16 (full 0):
 garbage-first heap   total 51200K, used 38692K [0x00000000a0c00000, 0x0000000100000000)
  region size 1024K, 2 young (2048K), 2 survivors (2048K)
 Metaspace       used 49238K, committed 49536K, reserved 1114112K
  class space    used 5603K, committed 5760K, reserved 1048576K
}
Event: 13.189 GC heap before
{Heap before GC invocations=16 (full 0):
 garbage-first heap   total 51200K, used 44836K [0x00000000a0c00000, 0x0000000100000000)
  region size 1024K, 8 young (8192K), 2 survivors (2048K)
 Metaspace       used 49265K, committed 49536K, reserved 1114112K
  class space    used 5605K, committed 5760K, reserved 1048576K
}
Event: 13.198 GC heap after
{Heap after GC invocations=17 (full 0):
 garbage-first heap   total 51200K, used 41582K [0x00000000a0c00000, 0x0000000100000000)
  region size 1024K, 1 young (1024K), 1 survivors (1024K)
 Metaspace       used 49265K, committed 49536K, reserved 1114112K
  class space    used 5605K, committed 5760K, reserved 1048576K
}
Event: 13.603 GC heap before
{Heap before GC invocations=18 (full 0):
 garbage-first heap   total 70656K, used 45678K [0x00000000a0c00000, 0x0000000100000000)
  region size 1024K, 5 young (5120K), 1 survivors (1024K)
 Metaspace       used 49481K, committed 49728K, reserved 1114112K
  class space    used 5625K, committed 5760K, reserved 1048576K
}
Event: 13.615 GC heap after
{Heap after GC invocations=19 (full 0):
 garbage-first heap   total 70656K, used 42951K [0x00000000a0c00000, 0x0000000100000000)
  region size 1024K, 1 young (1024K), 1 survivors (1024K)
 Metaspace       used 49481K, committed 49728K, reserved 1114112K
  class space    used 5625K, committed 5760K, reserved 1048576K
}
Event: 15.217 GC heap before
{Heap before GC invocations=19 (full 0):
 garbage-first heap   total 70656K, used 57287K [0x00000000a0c00000, 0x0000000100000000)
  region size 1024K, 15 young (15360K), 1 survivors (1024K)
 Metaspace       used 50705K, committed 51008K, reserved 1114112K
  class space    used 5768K, committed 5888K, reserved 1048576K
}

Dll operation events (3 events):
Event: 0.043 Loaded shared library C:\Program Files\Android\Android Studio\jbr\bin\java.dll
Event: 0.065 Loaded shared library C:\Program Files\Android\Android Studio\jbr\bin\zip.dll
Event: 4.310 Loaded shared library C:\Program Files\Android\Android Studio\jbr\bin\verify.dll

Deoptimization events (20 events):
Event: 13.097 Thread 0x0000018b791c0060 DEOPT PACKING pc=0x0000018b000ee3c8 sp=0x0000002c802fb400
Event: 13.097 Thread 0x0000018b791c0060 DEOPT UNPACKING pc=0x0000018b07584e42 sp=0x0000002c802fa8d8 mode 0
Event: 13.123 Thread 0x0000018b791c0060 DEOPT PACKING pc=0x0000018b000ee3c8 sp=0x0000002c802fb400
Event: 13.123 Thread 0x0000018b791c0060 DEOPT UNPACKING pc=0x0000018b07584e42 sp=0x0000002c802fa8d8 mode 0
Event: 13.719 Thread 0x0000018b791c0060 Uncommon trap: trap_request=0xffffff45 fr.pc=0x0000018b07c60b44 relative=0x00000000000002e4
Event: 13.719 Thread 0x0000018b791c0060 Uncommon trap: reason=unstable_if action=reinterpret pc=0x0000018b07c60b44 method=org.jetbrains.kotlin.name.Name.hashCode()I @ 16 c2
Event: 13.719 Thread 0x0000018b791c0060 DEOPT PACKING pc=0x0000018b07c60b44 sp=0x0000002c802faec0
Event: 13.719 Thread 0x0000018b791c0060 DEOPT UNPACKING pc=0x0000018b075846a2 sp=0x0000002c802fae48 mode 2
Event: 14.867 Thread 0x0000018b791c0060 Uncommon trap: trap_request=0xffffff45 fr.pc=0x0000018b07b4e784 relative=0x00000000000000e4
Event: 14.867 Thread 0x0000018b791c0060 Uncommon trap: reason=unstable_if action=reinterpret pc=0x0000018b07b4e784 method=java.lang.Integer.valueOf(I)Ljava/lang/Integer; @ 3 c2
Event: 14.867 Thread 0x0000018b791c0060 DEOPT PACKING pc=0x0000018b07b4e784 sp=0x0000002c802fba80
Event: 14.867 Thread 0x0000018b791c0060 DEOPT UNPACKING pc=0x0000018b075846a2 sp=0x0000002c802fba18 mode 2
Event: 14.888 Thread 0x0000018b791c0060 Uncommon trap: trap_request=0xffffff45 fr.pc=0x0000018b07bc2fd0 relative=0x0000000000001ab0
Event: 14.888 Thread 0x0000018b791c0060 Uncommon trap: reason=unstable_if action=reinterpret pc=0x0000018b07bc2fd0 method=org.jetbrains.org.objectweb.asm.ClassReader.readElementValue(Lorg/jetbrains/org/objectweb/asm/AnnotationVisitor;ILjava/lang/String;[C)I @ 587 c2
Event: 14.888 Thread 0x0000018b791c0060 DEOPT PACKING pc=0x0000018b07bc2fd0 sp=0x0000002c802fa810
Event: 14.888 Thread 0x0000018b791c0060 DEOPT UNPACKING pc=0x0000018b075846a2 sp=0x0000002c802fa790 mode 2
Event: 14.909 Thread 0x0000018b791c0060 Uncommon trap: trap_request=0xffffff45 fr.pc=0x0000018b07b8bc6c relative=0x0000000000001a6c
Event: 14.909 Thread 0x0000018b791c0060 Uncommon trap: reason=unstable_if action=reinterpret pc=0x0000018b07b8bc6c method=org.jetbrains.org.objectweb.asm.ClassReader.readMethod(Lorg/jetbrains/org/objectweb/asm/ClassVisitor;Lorg/jetbrains/org/objectweb/asm/Context;I)I @ 414 c2
Event: 14.909 Thread 0x0000018b791c0060 DEOPT PACKING pc=0x0000018b07b8bc6c sp=0x0000002c802fbf30
Event: 14.909 Thread 0x0000018b791c0060 DEOPT UNPACKING pc=0x0000018b075846a2 sp=0x0000002c802fbeb8 mode 2

Classes loaded (20 events):
Event: 9.637 Loading class java/util/PriorityQueue
Event: 9.639 Loading class java/util/PriorityQueue done
Event: 10.490 Loading class java/security/AccessControlException
Event: 10.490 Loading class java/security/AccessControlException done
Event: 10.550 Loading class java/text/StringCharacterIterator
Event: 10.551 Loading class java/text/CharacterIterator
Event: 10.552 Loading class java/text/CharacterIterator done
Event: 10.552 Loading class java/text/StringCharacterIterator done
Event: 11.130 Loading class java/lang/annotation/ElementType
Event: 11.130 Loading class java/lang/annotation/ElementType done
Event: 11.130 Loading class java/lang/Deprecated
Event: 11.130 Loading class java/lang/Deprecated done
Event: 11.130 Loading class java/lang/Override
Event: 11.130 Loading class java/lang/Override done
Event: 11.808 Loading class java/util/ArrayList$SubList$1
Event: 11.809 Loading class java/util/ArrayList$SubList$1 done
Event: 13.434 Loading class java/util/AbstractList$ListItr
Event: 13.435 Loading class java/util/AbstractList$ListItr done
Event: 15.138 Loading class java/util/RegularEnumSet$EnumSetIterator
Event: 15.138 Loading class java/util/RegularEnumSet$EnumSetIterator done

Classes unloaded (0 events):
No events

Classes redefined (0 events):
No events

Internal exceptions (20 events):
Event: 3.496 Thread 0x0000018b791c0060 Exception <a 'java/lang/NoSuchMethodError'{0x00000000a5a75888}: 'int java.lang.invoke.DirectMethodHandle$Holder.invokeStaticInit(java.lang.Object)'> (0x00000000a5a75888) 
thrown [s\src\hotspot\share\interpreter\linkResolver.cpp, line 784]
Event: 3.955 Thread 0x0000018b791c0060 Exception <a 'java/lang/NoSuchMethodError'{0x00000000a2336d38}: 'void java.lang.invoke.DirectMethodHandle$Holder.invokeStatic(java.lang.Object, java.lang.Object, java.lang.Object, java.lang.Object)'> (0x00000000a2336d38) 
thrown [s\src\hotspot\share\interpreter\linkResolver.cpp, line 784]
Event: 4.034 Thread 0x0000018b791c0060 Exception <a 'java/lang/NoSuchMethodError'{0x00000000a22902c0}: 'java.lang.Object java.lang.invoke.DirectMethodHandle$Holder.invokeInterface(java.lang.Object, java.lang.Object)'> (0x00000000a22902c0) 
thrown [s\src\hotspot\share\interpreter\linkResolver.cpp, line 784]
Event: 4.122 Thread 0x0000018b791c0060 Exception <a 'java/lang/NoSuchMethodError'{0x00000000a1f30b30}: 'void java.lang.invoke.DirectMethodHandle$Holder.invokeStaticInit(java.lang.Object, java.lang.Object)'> (0x00000000a1f30b30) 
thrown [s\src\hotspot\share\interpreter\linkResolver.cpp, line 784]
Event: 4.182 Thread 0x0000018b791c0060 Exception <a 'java/lang/NoSuchMethodError'{0x00000000a1d14ef0}: 'int java.lang.invoke.DirectMethodHandle$Holder.invokeVirtual(java.lang.Object, java.lang.Object, java.lang.Object)'> (0x00000000a1d14ef0) 
thrown [s\src\hotspot\share\interpreter\linkResolver.cpp, line 784]
Event: 4.245 Thread 0x0000018b791c0060 Exception <a 'java/lang/NoSuchMethodError'{0x00000000a1ceda40}: 'void java.lang.invoke.Invokers$Holder.invokeExact_MT(java.lang.Object, int, java.lang.Object)'> (0x00000000a1ceda40) 
thrown [s\src\hotspot\share\interpreter\linkResolver.cpp, line 784]
Event: 4.365 Thread 0x0000018b791c0060 Exception <a 'java/lang/NoSuchMethodError'{0x00000000a19650a0}: 'void java.lang.invoke.DirectMethodHandle$Holder.invokeVirtual(java.lang.Object, java.lang.Object)'> (0x00000000a19650a0) 
thrown [s\src\hotspot\share\interpreter\linkResolver.cpp, line 784]
Event: 4.397 Thread 0x0000018b791c0060 Exception <a 'java/lang/NoSuchMethodError'{0x00000000a19d8d90}: 'long java.lang.invoke.DirectMethodHandle$Holder.invokeStatic(java.lang.Object, java.lang.Object, int)'> (0x00000000a19d8d90) 
thrown [s\src\hotspot\share\interpreter\linkResolver.cpp, line 784]
Event: 4.399 Thread 0x0000018b791c0060 Exception <a 'java/lang/NoSuchMethodError'{0x00000000a19e3d78}: 'java.lang.Object java.lang.invoke.DelegatingMethodHandle$Holder.reinvoke_L(java.lang.Object, int, long, java.lang.Object, java.lang.Object, int, java.lang.Object)'> (0x00000000a19e3d78) 
thrown [s\src\hotspot\share\interpreter\linkResolver.cpp, line 784]
Event: 4.410 Thread 0x0000018b791c0060 Exception <a 'java/lang/NoSuchMethodError'{0x00000000a180b370}: 'java.lang.Object java.lang.invoke.DirectMethodHandle$Holder.invokeStatic(java.lang.Object, java.lang.Object, int)'> (0x00000000a180b370) 
thrown [s\src\hotspot\share\interpreter\linkResolver.cpp, line 784]
Event: 4.412 Thread 0x0000018b791c0060 Exception <a 'java/lang/NoSuchMethodError'{0x00000000a18169d0}: 'void java.lang.invoke.DelegatingMethodHandle$Holder.delegate(java.lang.Object, java.lang.Object, int, java.lang.Object)'> (0x00000000a18169d0) 
thrown [s\src\hotspot\share\interpreter\linkResolver.cpp, line 784]
Event: 4.814 Thread 0x0000018b791c0060 Exception <a 'java/lang/NoSuchMethodError'{0x00000000a51528d8}: 'java.lang.Object java.lang.invoke.DirectMethodHandle$Holder.invokeStatic(java.lang.Object, java.lang.Object, int, java.lang.Object)'> (0x00000000a51528d8) 
thrown [s\src\hotspot\share\interpreter\linkResolver.cpp, line 784]
Event: 5.197 Thread 0x0000018b791c0060 Exception <a 'java/lang/NoSuchMethodError'{0x00000000a6b8f2e8}: 'java.lang.Object java.lang.invoke.DirectMethodHandle$Holder.newInvokeSpecial(java.lang.Object, java.lang.Object, java.lang.Object, java.lang.Object, java.lang.Object, java.lang.Object)'> (0x00000000a6b8f2e8) 
thrown [s\src\hotspot\share\interpreter\linkResolver.cpp, line 784]
Event: 6.719 Thread 0x0000018b791c0060 Exception <a 'java/lang/NoSuchMethodError'{0x00000000a361dc38}: 'java.lang.Object java.lang.invoke.DirectMethodHandle$Holder.newInvokeSpecial(java.lang.Object, java.lang.Object, java.lang.Object, java.lang.Object, java.lang.Object, java.lang.Object, java.lang.Object)'> (0x00000000a361dc38) 
thrown [s\src\hotspot\share\interpreter\linkResolver.cpp, line 784]
Event: 7.521 Thread 0x0000018b791c0060 Exception <a 'java/lang/NoSuchMethodError'{0x00000000ffed8a48}: 'java.lang.Object java.lang.invoke.DirectMethodHandle$Holder.invokeVirtual(java.lang.Object, java.lang.Object, java.lang.Object)'> (0x00000000ffed8a48) 
thrown [s\src\hotspot\share\interpreter\linkResolver.cpp, line 784]
Event: 7.621 Thread 0x0000018b791c0060 Exception <a 'java/lang/NoSuchMethodError'{0x00000000a5561908}: 'java.lang.Object java.lang.invoke.DirectMethodHandle$Holder.newInvokeSpecial(java.lang.Object, java.lang.Object, int)'> (0x00000000a5561908) 
thrown [s\src\hotspot\share\interpreter\linkResolver.cpp, line 784]
Event: 7.826 Thread 0x0000018b791c0060 Exception <a 'java/lang/NoSuchMethodError'{0x00000000a365e420}: 'int java.lang.invoke.DirectMethodHandle$Holder.invokeStaticInit(java.lang.Object, int)'> (0x00000000a365e420) 
thrown [s\src\hotspot\share\interpreter\linkResolver.cpp, line 784]
Event: 9.312 Thread 0x0000018b791c0060 Implicit null exception at 0x0000018b07ba035a to 0x0000018b07ba0458
Event: 10.419 Thread 0x0000018b791c0060 Exception <a 'java/lang/NoSuchMethodError'{0x00000000a2f36ae8}: 'java.lang.Object java.lang.invoke.DirectMethodHandle$Holder.newInvokeSpecial(java.lang.Object, java.lang.Object, java.lang.Object, int, java.lang.Object)'> (0x00000000a2f36ae8) 
thrown [s\src\hotspot\share\interpreter\linkResolver.cpp, line 784]
Event: 11.390 Thread 0x0000018b791c0060 Implicit null exception at 0x0000018b07b629c6 to 0x0000018b07b62c80

ZGC Phase Switch (0 events):
No events

VM Operations (20 events):
Event: 12.207 Executing VM operation: G1PauseRemark done
Event: 12.230 Executing VM operation: G1PauseCleanup
Event: 12.230 Executing VM operation: G1PauseCleanup done
Event: 12.797 Executing VM operation: G1CollectForAllocation (G1 Evacuation Pause)
Event: 12.825 Executing VM operation: G1CollectForAllocation (G1 Evacuation Pause) done
Event: 13.100 Executing VM operation: G1CollectForAllocation (G1 Evacuation Pause)
Event: 13.116 Executing VM operation: G1CollectForAllocation (G1 Evacuation Pause) done
Event: 13.189 Executing VM operation: G1CollectForAllocation (G1 Evacuation Pause)
Event: 13.198 Executing VM operation: G1CollectForAllocation (G1 Evacuation Pause) done
Event: 13.252 Executing VM operation: G1PauseRemark
Event: 13.298 Executing VM operation: G1PauseRemark done
Event: 13.320 Executing VM operation: G1PauseCleanup
Event: 13.321 Executing VM operation: G1PauseCleanup done
Event: 13.436 Executing VM operation: HandshakeAllThreads (Deoptimize)
Event: 13.436 Executing VM operation: HandshakeAllThreads (Deoptimize) done
Event: 13.603 Executing VM operation: G1CollectForAllocation (G1 Evacuation Pause)
Event: 13.615 Executing VM operation: G1CollectForAllocation (G1 Evacuation Pause) done
Event: 14.627 Executing VM operation: Cleanup
Event: 14.864 Executing VM operation: Cleanup done
Event: 15.217 Executing VM operation: G1CollectForAllocation (G1 Evacuation Pause)

Memory protections (0 events):
No events

Nmethod flushes (20 events):
Event: 13.297 Thread 0x0000018b7fa7e6c0 flushing  nmethod 0x0000018b0037cb90
Event: 13.297 Thread 0x0000018b7fa7e6c0 flushing  nmethod 0x0000018b003a2390
Event: 13.297 Thread 0x0000018b7fa7e6c0 flushing  nmethod 0x0000018b003a2790
Event: 13.297 Thread 0x0000018b7fa7e6c0 flushing  nmethod 0x0000018b0041d010
Event: 13.297 Thread 0x0000018b7fa7e6c0 flushing  nmethod 0x0000018b0041dc90
Event: 13.297 Thread 0x0000018b7fa7e6c0 flushing  nmethod 0x0000018b004a3e90
Event: 13.297 Thread 0x0000018b7fa7e6c0 flushing  nmethod 0x0000018b004d4d90
Event: 13.297 Thread 0x0000018b7fa7e6c0 flushing  nmethod 0x0000018b004d5210
Event: 13.297 Thread 0x0000018b7fa7e6c0 flushing  nmethod 0x0000018b004f7010
Event: 13.297 Thread 0x0000018b7fa7e6c0 flushing  nmethod 0x0000018b00528110
Event: 13.297 Thread 0x0000018b7fa7e6c0 flushing  nmethod 0x0000018b00529510
Event: 13.297 Thread 0x0000018b7fa7e6c0 flushing  nmethod 0x0000018b00529f90
Event: 13.297 Thread 0x0000018b7fa7e6c0 flushing  nmethod 0x0000018b0052ad90
Event: 13.297 Thread 0x0000018b7fa7e6c0 flushing  nmethod 0x0000018b0052bd90
Event: 13.297 Thread 0x0000018b7fa7e6c0 flushing  nmethod 0x0000018b0052df90
Event: 13.297 Thread 0x0000018b7fa7e6c0 flushing  nmethod 0x0000018b0052f490
Event: 13.297 Thread 0x0000018b7fa7e6c0 flushing  nmethod 0x0000018b0052ff90
Event: 13.297 Thread 0x0000018b7fa7e6c0 flushing  nmethod 0x0000018b00530710
Event: 13.297 Thread 0x0000018b7fa7e6c0 flushing  nmethod 0x0000018b0054d390
Event: 13.297 Thread 0x0000018b7fa7e6c0 flushing  nmethod 0x0000018b00589c90

Events (15 events):
Event: 0.059 Thread 0x0000018b791c0060 Thread added: 0x0000018b791c0060
Event: 0.235 Thread 0x0000018b791c0060 Thread added: 0x0000018b12838290
Event: 0.237 Thread 0x0000018b791c0060 Thread added: 0x0000018b12839a50
Event: 0.241 Thread 0x0000018b791c0060 Thread added: 0x0000018b12850db0
Event: 0.241 Thread 0x0000018b791c0060 Thread added: 0x0000018b12853810
Event: 0.241 Thread 0x0000018b791c0060 Thread added: 0x0000018b12854260
Event: 0.241 Thread 0x0000018b791c0060 Thread added: 0x0000018b12854cb0
Event: 0.241 Thread 0x0000018b791c0060 Thread added: 0x0000018b12855a30
Event: 0.242 Thread 0x0000018b791c0060 Thread added: 0x0000018b12858710
Event: 0.370 Thread 0x0000018b791c0060 Thread added: 0x0000018b12a042a0
Event: 0.388 Thread 0x0000018b791c0060 Thread added: 0x0000018b12a1eef0
Event: 0.412 Loaded shared library C:\Program Files\Android\Android Studio\jbr\bin\net.dll
Event: 0.420 Loaded shared library C:\Program Files\Android\Android Studio\jbr\bin\nio.dll
Event: 0.490 Loaded shared library C:\Program Files\Android\Android Studio\jbr\bin\zip.dll
Event: 0.576 Loaded shared library C:\Program Files\Android\Android Studio\jbr\bin\jimage.dll


Dynamic libraries:
0x00007ff7c6280000 - 0x00007ff7c628a000 	C:\Program Files\Android\Android Studio\jbr\bin\java.exe
0x00007ff97df80000 - 0x00007ff97e1e5000 	C:\WINDOWS\SYSTEM32\ntdll.dll
0x00007ff97c660000 - 0x00007ff97c729000 	C:\WINDOWS\System32\KERNEL32.DLL
0x00007ff97b900000 - 0x00007ff97bce8000 	C:\WINDOWS\System32\KERNELBASE.dll
0x00007ff97b430000 - 0x00007ff97b57b000 	C:\WINDOWS\System32\ucrtbase.dll
0x00007ff962040000 - 0x00007ff962058000 	C:\Program Files\Android\Android Studio\jbr\bin\jli.dll
0x00007ff95bde0000 - 0x00007ff95bdfb000 	C:\Program Files\Android\Android Studio\jbr\bin\VCRUNTIME140.dll
0x00007ff97c9e0000 - 0x00007ff97cbaa000 	C:\WINDOWS\System32\USER32.dll
0x00007ff967bb0000 - 0x00007ff967e4a000 	C:\WINDOWS\WinSxS\amd64_microsoft.windows.common-controls_6595b64144ccf1df_6.0.26100.4202_none_3e0698d4e335f517\COMCTL32.dll
0x00007ff97bcf0000 - 0x00007ff97bd17000 	C:\WINDOWS\System32\win32u.dll
0x00007ff97d700000 - 0x00007ff97d7a9000 	C:\WINDOWS\System32\msvcrt.dll
0x00007ff97d100000 - 0x00007ff97d12b000 	C:\WINDOWS\System32\GDI32.dll
0x00007ff97b170000 - 0x00007ff97b2a7000 	C:\WINDOWS\System32\gdi32full.dll
0x00007ff97b580000 - 0x00007ff97b623000 	C:\WINDOWS\System32\msvcp_win.dll
0x00007ff97be80000 - 0x00007ff97beb0000 	C:\WINDOWS\System32\IMM32.DLL
0x00007ff96fe20000 - 0x00007ff96fe2c000 	C:\Program Files\Android\Android Studio\jbr\bin\vcruntime140_1.dll
0x00007ff951260000 - 0x00007ff9512ed000 	C:\Program Files\Android\Android Studio\jbr\bin\msvcp140.dll
0x00007ff8ed230000 - 0x00007ff8edebb000 	C:\Program Files\Android\Android Studio\jbr\bin\server\jvm.dll
0x00007ff97cbb0000 - 0x00007ff97cc63000 	C:\WINDOWS\System32\ADVAPI32.dll
0x00007ff97dcd0000 - 0x00007ff97dd76000 	C:\WINDOWS\System32\sechost.dll
0x00007ff97dd80000 - 0x00007ff97de95000 	C:\WINDOWS\System32\RPCRT4.dll
0x00007ff97be00000 - 0x00007ff97be74000 	C:\WINDOWS\System32\WS2_32.dll
0x00007ff974e80000 - 0x00007ff974eb5000 	C:\WINDOWS\SYSTEM32\WINMM.dll
0x00007ff97af20000 - 0x00007ff97af7e000 	C:\WINDOWS\SYSTEM32\POWRPROF.dll
0x00007ff974ec0000 - 0x00007ff974ecb000 	C:\WINDOWS\SYSTEM32\VERSION.dll
0x00007ff97af00000 - 0x00007ff97af14000 	C:\WINDOWS\SYSTEM32\UMPDC.dll
0x00007ff979e50000 - 0x00007ff979e6b000 	C:\WINDOWS\SYSTEM32\kernel.appcore.dll
0x00007ff96fdf0000 - 0x00007ff96fdfa000 	C:\Program Files\Android\Android Studio\jbr\bin\jimage.dll
0x00007ff978a70000 - 0x00007ff978cb1000 	C:\WINDOWS\SYSTEM32\DBGHELP.DLL
0x00007ff97cc70000 - 0x00007ff97cff5000 	C:\WINDOWS\System32\combase.dll
0x00007ff97d3f0000 - 0x00007ff97d4d1000 	C:\WINDOWS\System32\OLEAUT32.dll
0x00007ff969060000 - 0x00007ff969099000 	C:\WINDOWS\SYSTEM32\dbgcore.DLL
0x00007ff97b0d0000 - 0x00007ff97b169000 	C:\WINDOWS\System32\bcryptPrimitives.dll
0x00007ff959bd0000 - 0x00007ff959bf0000 	C:\Program Files\Android\Android Studio\jbr\bin\java.dll
0x00007ff955750000 - 0x00007ff955768000 	C:\Program Files\Android\Android Studio\jbr\bin\zip.dll
0x00007ff97bf10000 - 0x00007ff97c652000 	C:\WINDOWS\System32\SHELL32.dll
0x00007ff97b2b0000 - 0x00007ff97b424000 	C:\WINDOWS\System32\wintypes.dll
0x00007ff978cf0000 - 0x00007ff979547000 	C:\WINDOWS\SYSTEM32\windows.storage.dll
0x00007ff97d000000 - 0x00007ff97d0f1000 	C:\WINDOWS\System32\SHCORE.dll
0x00007ff97c730000 - 0x00007ff97c79a000 	C:\WINDOWS\System32\shlwapi.dll
0x00007ff97afe0000 - 0x00007ff97b00f000 	C:\WINDOWS\SYSTEM32\profapi.dll
0x00007ff96fd30000 - 0x00007ff96fd40000 	C:\Program Files\Android\Android Studio\jbr\bin\net.dll
0x00007ff971de0000 - 0x00007ff971efe000 	C:\WINDOWS\SYSTEM32\WINHTTP.dll
0x00007ff97a3a0000 - 0x00007ff97a40a000 	C:\WINDOWS\system32\mswsock.dll
0x00007ff955510000 - 0x00007ff955526000 	C:\Program Files\Android\Android Studio\jbr\bin\nio.dll
0x00007ff967fa0000 - 0x00007ff967fb0000 	C:\Program Files\Android\Android Studio\jbr\bin\verify.dll

dbghelp: loaded successfully - version: 4.0.5 - missing functions: none
symbol engine: initialized successfully - sym options: 0x614 - pdb path: .;C:\Program Files\Android\Android Studio\jbr\bin;C:\WINDOWS\SYSTEM32;C:\WINDOWS\WinSxS\amd64_microsoft.windows.common-controls_6595b64144ccf1df_6.0.26100.4202_none_3e0698d4e335f517;C:\Program Files\Android\Android Studio\jbr\bin\server

VM Arguments:
java_command: org.jetbrains.kotlin.cli.jvm.K2JVMCompiler @C:\Users\ASUS\Documents\GitHub\cooking-game\CookingGameApp\app\build\20250614_16330718500268933336.compiler.options
java_class_path (initial): C:\Users\ASUS\.gradle\caches\modules-2\files-2.1\org.jetbrains.kotlin\kotlin-compiler-embeddable\2.0.21\79346ed53db48b18312a472602eb5c057070c54d\kotlin-compiler-embeddable-2.0.21.jar;C:\Users\ASUS\.gradle\caches\modules-2\files-2.1\org.jetbrains.kotlin\kotlin-stdlib\2.0.21\618b539767b4899b4660a83006e052b63f1db551\kotlin-stdlib-2.0.21.jar;C:\Users\ASUS\.gradle\caches\modules-2\files-2.1\org.jetbrains.kotlin\kotlin-script-runtime\2.0.21\c9b044380ad41f89aa89aa896c2d32a8c0b2129d\kotlin-script-runtime-2.0.21.jar;C:\Users\ASUS\.gradle\caches\modules-2\files-2.1\org.jetbrains.kotlin\kotlin-reflect\1.6.10\1cbe9c92c12a94eea200d23c2bbaedaf3daf5132\kotlin-reflect-1.6.10.jar;C:\Users\ASUS\.gradle\caches\modules-2\files-2.1\org.jetbrains.kotlin\kotlin-daemon-embeddable\2.0.21\c9e933b23287de9b5a17e2116b4657bb91aea72c\kotlin-daemon-embeddable-2.0.21.jar;C:\Users\ASUS\.gradle\caches\modules-2\files-2.1\org.jetbrains.intellij.deps\trove4j\1.0.20200330\3afb14d5f9ceb459d724e907a21145e8ff394f02\trove4j-1.0.20200330.jar;C:\Users\ASUS\.gradle\caches\modules-2\files-2.1\org.jetbrains.kotlinx\kotlinx-coroutines-core-jvm\1.6.4\2c997cd1c0ef33f3e751d3831929aeff1390cb30\kotlinx-coroutines-core-jvm-1.6.4.jar;C:\Users\ASUS\.gradle\caches\modules-2\files-2.1\org.jetbrains\annotations\13.0\919f0dfe192fb4e063e7dacadee7f8bb9a2672a9\annotations-13.0.jar
Launcher Type: SUN_STANDARD

[Global flags]
     intx CICompilerCount                          = 4                                         {product} {ergonomic}
     uint ConcGCThreads                            = 2                                         {product} {ergonomic}
     uint G1ConcRefinementThreads                  = 8                                         {product} {ergonomic}
   size_t G1HeapRegionSize                         = 1048576                                   {product} {ergonomic}
    uintx GCDrainStackTargetSize                   = 64                                        {product} {ergonomic}
   size_t InitialHeapSize                          = 100663296                                 {product} {ergonomic}
   size_t MarkStackSize                            = 4194304                                   {product} {ergonomic}
   size_t MaxHeapSize                              = 1598029824                                {product} {ergonomic}
   size_t MaxNewSize                               = 958398464                                 {product} {ergonomic}
   size_t MinHeapDeltaBytes                        = 1048576                                   {product} {ergonomic}
   size_t MinHeapSize                              = 8388608                                   {product} {ergonomic}
    uintx NonNMethodCodeHeapSize                   = 5839372                                {pd product} {ergonomic}
    uintx NonProfiledCodeHeapSize                  = 122909434                              {pd product} {ergonomic}
    uintx ProfiledCodeHeapSize                     = 122909434                              {pd product} {ergonomic}
    uintx ReservedCodeCacheSize                    = 251658240                              {pd product} {ergonomic}
     bool SegmentedCodeCache                       = true                                      {product} {ergonomic}
   size_t SoftMaxHeapSize                          = 1598029824                             {manageable} {ergonomic}
     bool UseCompressedOops                        = true                           {product lp64_product} {ergonomic}
     bool UseG1GC                                  = true                                      {product} {ergonomic}
     bool UseLargePagesIndividualAllocation        = false                                  {pd product} {ergonomic}

Logging:
Log output configuration:
 #0: stdout all=warning uptime,level,tags foldmultilines=false
 #1: stderr all=off uptime,level,tags foldmultilines=false

Environment Variables:
PATH=C:\php-8.4.8-nts-Win32-vs17-x64;C:\Program Files (x86)\VMware\VMware Workstation\bin\;C:\WINDOWS\system32;C:\WINDOWS;C:\WINDOWS\System32\Wbem;C:\WINDOWS\System32\WindowsPowerShell\v1.0\;C:\WINDOWS\System32\OpenSSH\;C:\Program Files\nodejs\;C:\Program Files\PuTTY\;C:\Program Files\Git\cmd;C:\Program Files\Git LFS;C:\rclone-v1.69.0-windows-amd64;C:\Program Files\apache-maven-3.9.6\bin;C:\Program Files\Docker\Docker\resources\bin;C:\ProgramData\ComposerSetup\bin;C:\Program Files\Maven\maven-mvnd-1.0.2-windows-amd64\apache-maven-3.9.6\bin;C:\Users\ASUS\AppData\Local\GitHubDesktop\bin;C:\Users\ASUS\AppData\Roaming\Composer\vendor\bin
USERNAME=ASUS
OS=Windows_NT
PROCESSOR_IDENTIFIER=AMD64 Family 23 Model 24 Stepping 1, AuthenticAMD
TMP=C:\Users\ASUS\AppData\Local\Temp
TEMP=C:\Users\ASUS\AppData\Local\Temp




Periodic native trim disabled

JNI global refs:
JNI global refs: 10, weak refs: 4

JNI global refs memory usage: 835, weak refs: 833

Process memory usage:
Resident Set Size: 158480K (2% of 6237948K total physical memory with 270184K free physical memory)

OOME stack traces (most recent first):
Classloader memory used:
Loader jdk.internal.loader.ClassLoaders$AppClassLoader                                 : 39957K
Loader bootstrap                                                                       : 10488K
Loader java.net.URLClassLoader                                                         : 258K

---------------  S Y S T E M  ---------------

OS:
 Windows 11 , 64 bit Build 26100 (10.0.26100.4202)
OS uptime: 4 days 4:31 hours
Hyper-V role detected

CPU: total 8 (initial active 8) (8 cores per cpu, 2 threads per core) family 23 model 24 stepping 1 microcode 0x8108109, cx8, cmov, fxsr, ht, mmx, 3dnowpref, sse, sse2, sse3, ssse3, sse4a, sse4.1, sse4.2, popcnt, lzcnt, tsc, tscinvbit, avx, avx2, aes, clmul, bmi1, bmi2, adx, sha, fma, vzeroupper, clflush, clflushopt, hv, rdtscp, f16c
Processor Information for the first 8 processors :
  Max Mhz: 2100, Current Mhz: 2100, Mhz Limit: 2100

Memory: 4k page, system-wide physical 6091M (255M free)
TotalPageFile size 24523M (AvailPageFile size 32M)
current process WorkingSet (physical memory assigned to process): 156M, peak: 193M
current process commit charge ("private bytes"): 228M, peak: 256M

vm_info: OpenJDK 64-Bit Server VM (21.0.6+-13368085-b895.109) for windows-amd64 JRE (21.0.6+-13368085-b895.109), built on 2025-04-16T17:01:31Z by "builder" with MS VC++ 16.10 / 16.11 (VS2019)

END.
